20:48:52.857 [JavaFX Application Thread] DEBUG GameApplication      - Logger initialized
20:48:52.946 [JavaFX Application Thread] DEBUG GameApplication      - Logging settings
Title: CC302-Breakout
Version: 1.0
Width: 600
Height: 600
Fullscreen: false
Intro: false
Menus: false
Profiling: false
Single step:false
App Mode: DEVELOPER
Menu Key: ESCAPE
Stage Style: DECORATED
Scene Factory: class com.almasb.fxgl.scene.SceneFactory
Dialog Factory: class com.almasb.fxgl.ui.FXGLDialogFactory
UI Factory: class com.almasb.fxgl.ui.FXGLUIFactory
Notification Service: class com.almasb.fxgl.gameplay.notification.XboxNotificationView
Exception Handler: class com.almasb.fxgl.app.FXGLExceptionHandler
20:48:52.947 [JavaFX Application Thread] DEBUG GameApplication      - Starting FXGL
20:48:52.974 [JavaFX Application Thread] INFO  FXGL                 - FXGL-0.5.4 on DESKTOP
20:48:52.974 [JavaFX Application Thread] INFO  FXGL                 - Source code and latest versions at: https://github.com/AlmasB/FXGL
20:48:52.974 [JavaFX Application Thread] INFO  FXGL                 -              Join the FXGL chat at: https://gitter.im/AlmasB/FXGL
20:48:52.975 [JavaFX Application Thread] DEBUG FXGL                 - FXGL started
20:48:52.975 [JavaFX Application Thread] DEBUG FXGL                 - Initializing FXGL
20:48:53.103 [JavaFX Application Thread] DEBUG AssetLoader          - Loading from disk: /assets/ui/cursors/fxgl_default.png
20:48:53.204 [JavaFX Application Thread] DEBUG AssetLoader          - Loading from disk: /assets/ui/fonts/VarelaRound-Regular.ttf
20:48:53.433 [JavaFX Application Thread] DEBUG MainWindow           - Creating a JavaFX scene
20:48:53.623 [JavaFX Application Thread] DEBUG MainWindow           - Target settings size: 600.0 x 600.0
20:48:53.624 [JavaFX Application Thread] DEBUG MainWindow           - Scaled scene size:    600.0 x 600.0
20:48:53.624 [JavaFX Application Thread] DEBUG MainWindow           - Scaled ratio: (1.0, 1.0)
20:48:53.631 [JavaFX Application Thread] DEBUG AssetLoader          - Loading from disk: /assets/ui/css/fxgl_dark.css
20:48:53.682 [JavaFX Application Thread] DEBUG AssetLoader          - Loading from disk: /assets/textures/icon.png
20:48:53.740 [JavaFX Application Thread] DEBUG MainWindow           - Opening main window
20:48:54.188 [JavaFX Application Thread] DEBUG MainWindow           - Window border size: (4.0, 26.66668701171875)
20:48:54.189 [JavaFX Application Thread] DEBUG MainWindow           - Scaled size: 600.0 x 600.0
20:48:54.189 [JavaFX Application Thread] DEBUG MainWindow           - Scaled ratio: (1.0, 1.0)
20:48:54.189 [JavaFX Application Thread] DEBUG MainWindow           - Scene size: 600.0 x 600.0
20:48:54.189 [JavaFX Application Thread] DEBUG MainWindow           - Stage size: 604.0 x 626.6666870117188
20:48:54.408 [ForkJoinPool.commonPool-worker-1] DEBUG FS                   - Loaded DesktopFSService
20:48:54.409 [ForkJoinPool.commonPool-worker-1] DEBUG FXGL                 - Loading FXGL system data
20:48:54.423 [ForkJoinPool.commonPool-worker-1] DEBUG DesktopFSService     - Reading from: system\fxgl.bundle
20:48:54.451 [ForkJoinPool.commonPool-worker-1] DEBUG Bundle               - Logging bundle: FXGL
20:48:54.452 [ForkJoinPool.commonPool-worker-1] DEBUG Bundle               - FXGL.offline.timer.version.check=2018-12-21T15:32:12.413
20:48:54.453 [ForkJoinPool.commonPool-worker-1] DEBUG FXGL                 - Initializing state machine and application states
20:48:54.456 [ForkJoinPool.commonPool-worker-1] DEBUG AssetLoader          - Loading from disk: /assets/ui/cursors/fxgl_default.png
20:48:54.469 [ForkJoinPool.commonPool-worker-1] DEBUG AssetLoader          - Loading from disk: /assets/ui/cursors/fxgl_default.png
20:48:54.500 [ForkJoinPool.commonPool-worker-1] DEBUG AssetLoader          - Loading from cache: /assets/ui/fonts/VarelaRound-Regular.ttf
20:48:54.504 [ForkJoinPool.commonPool-worker-1] DEBUG AssetLoader          - Loading from disk: /assets/ui/cursors/fxgl_default.png
20:48:54.509 [ForkJoinPool.commonPool-worker-1] DEBUG GameScene            - Game scene initialized: 600x600
20:48:54.521 [ForkJoinPool.commonPool-worker-1] DEBUG GameWorld            - Game world initialized
20:48:54.642 [ForkJoinPool.commonPool-worker-1] DEBUG PhysicsWorld         - Physics world initialized: appHeight=600, physics.ppm=50,0
20:48:54.685 [ForkJoinPool.commonPool-worker-1] DEBUG Input                - Registered new binding: Pause - Esc
20:48:54.867 [JavaFX Application Thread] DEBUG FXGL                 - Running preInit()
20:48:54.871 [JavaFX Application Thread] DEBUG Input                - Registered new binding: Screenshot - P
20:48:54.872 [JavaFX Application Thread] DEBUG Input                - Registered new binding: Dev Options - CTRL+0
20:48:54.873 [JavaFX Application Thread] DEBUG Input                - Registered new binding: System info dump - CTRL+9
20:48:54.874 [JavaFX Application Thread] DEBUG Input                - Registered new binding: Restart - CTRL+R
20:48:54.874 [JavaFX Application Thread] DEBUG Input                - Registered new binding: Open/Close Panel - Tab
20:48:54.874 [JavaFX Application Thread] DEBUG Input                - Registered new binding: Move Right - D
20:48:54.875 [JavaFX Application Thread] DEBUG Input                - Registered new binding: Testing - T
20:48:54.875 [JavaFX Application Thread] DEBUG Input                - Registered new binding: NewLevel - N
20:48:54.875 [JavaFX Application Thread] DEBUG Input                - Registered new binding: Retry - R
20:48:54.876 [JavaFX Application Thread] DEBUG Input                - Registered new binding: Move Left - A
20:48:54.876 [JavaFX Application Thread] DEBUG Input                - Registered new binding: Launch - Space
20:48:54.878 [JavaFX Application Thread] INFO  FXGL                 - FXGL initialization took: 1,902 sec
20:48:54.879 [JavaFX Application Thread] DEBUG LoopRunner           - Starting loop
20:48:54.881 [JavaFX Application Thread] DEBUG StartupState         - STARTUP
20:48:54.881 [JavaFX Application Thread] DEBUG GameApplication      - Starting new game
20:48:54.882 [JavaFX Application Thread] DEBUG Input                - Clearing active input actions
20:48:54.884 [JavaFX Application Thread] DEBUG AssetLoader          - Loading from disk: /assets/ui/css/fxgl_dark.css
20:48:54.894 [JavaFX Application Thread] DEBUG AppStateMachine      - StartupState -> LoadingState
20:48:54.916 [FXGL Background Thread 1 ] DEBUG InitAppTask          - Clearing previous game
20:48:54.917 [FXGL Background Thread 1 ] DEBUG GameWorld            - Clearing game world
20:48:54.917 [FXGL Background Thread 1 ] DEBUG PhysicsWorld         - Clearing physics world
20:48:54.917 [FXGL Background Thread 1 ] DEBUG GameScene            - Clearing game scene
20:48:54.920 [FXGL Background Thread 1 ] DEBUG InitAppTask          - Initializing Game
20:48:55.008 [FXGL Background Thread 1 ] DEBUG AssetLoader          - Loading from disk: /assets/textures/bat.png
20:48:55.061 [FXGL Background Thread 1 ] DEBUG AssetLoader          - Loading from disk: /assets/textures/bg.png
20:48:55.088 [FXGL Background Thread 1 ] DEBUG AssetLoader          - Loading from disk: /assets/textures/ball.png
20:48:55.167 [FXGL Background Thread 1 ] DEBUG GameScene            - Creating render group for layer: DEFAULT(100000)
20:48:55.171 [FXGL Background Thread 1 ] DEBUG GameScene            - Creating render group for layer: BACKGROUND(1000)
20:48:55.172 [FXGL Background Thread 1 ] DEBUG InitAppTask          - Initializing Physics
20:48:55.173 [FXGL Background Thread 1 ] DEBUG InitAppTask          - Initializing UI
20:48:55.174 [FXGL Background Thread 1 ] DEBUG InitAppTask          - Initialization Complete
20:48:55.174 [FXGL Background Thread 1 ] INFO  InitAppTask          - Game initialization took: 0,257 sec
20:48:55.183 [JavaFX Application Thread] DEBUG Input                - Clearing active input actions
20:48:55.184 [JavaFX Application Thread] DEBUG AssetLoader          - Loading from disk: /assets/ui/css/fxgl_dark.css
20:48:55.195 [JavaFX Application Thread] DEBUG AppStateMachine      - LoadingState -> PlayState
20:48:58.960 [JavaFX Application Thread] DEBUG AssetLoader          - Loading from disk: /assets/textures/glass.png
20:48:58.969 [JavaFX Application Thread] DEBUG AssetLoader          - Loading from cache: /assets/textures/glass.png@50.0x15.0
20:48:58.974 [JavaFX Application Thread] DEBUG AssetLoader          - Loading from disk: /assets/textures/metal3.png
20:48:58.979 [JavaFX Application Thread] DEBUG AssetLoader          - Loading from disk: /assets/textures/wooden3.png
20:48:58.984 [JavaFX Application Thread] DEBUG AssetLoader          - Loading from cache: /assets/textures/wooden3.png@50.0x15.0
20:48:58.987 [JavaFX Application Thread] DEBUG AssetLoader          - Loading from cache: /assets/textures/glass.png@50.0x15.0
20:48:58.989 [JavaFX Application Thread] DEBUG AssetLoader          - Loading from cache: /assets/textures/glass.png@50.0x15.0
20:48:58.992 [JavaFX Application Thread] DEBUG AssetLoader          - Loading from cache: /assets/textures/wooden3.png@50.0x15.0
20:48:58.995 [JavaFX Application Thread] DEBUG AssetLoader          - Loading from cache: /assets/textures/wooden3.png@50.0x15.0
20:48:58.997 [JavaFX Application Thread] DEBUG AssetLoader          - Loading from cache: /assets/textures/wooden3.png@50.0x15.0
20:48:58.999 [JavaFX Application Thread] DEBUG AssetLoader          - Loading from cache: /assets/textures/wooden3.png@50.0x15.0
20:48:59.001 [JavaFX Application Thread] DEBUG AssetLoader          - Loading from cache: /assets/textures/wooden3.png@50.0x15.0
20:48:59.002 [JavaFX Application Thread] DEBUG AssetLoader          - Loading from cache: /assets/textures/wooden3.png@50.0x15.0
20:48:59.003 [JavaFX Application Thread] DEBUG AssetLoader          - Loading from cache: /assets/textures/metal3.png@50.0x15.0
20:48:59.005 [JavaFX Application Thread] DEBUG AssetLoader          - Loading from cache: /assets/textures/glass.png@50.0x15.0
20:48:59.006 [JavaFX Application Thread] DEBUG AssetLoader          - Loading from cache: /assets/textures/wooden3.png@50.0x15.0
20:48:59.007 [JavaFX Application Thread] DEBUG AssetLoader          - Loading from cache: /assets/textures/wooden3.png@50.0x15.0
20:48:59.008 [JavaFX Application Thread] DEBUG AssetLoader          - Loading from cache: /assets/textures/metal3.png@50.0x15.0
20:48:59.010 [JavaFX Application Thread] DEBUG AssetLoader          - Loading from cache: /assets/textures/wooden3.png@50.0x15.0
20:48:59.011 [JavaFX Application Thread] DEBUG AssetLoader          - Loading from cache: /assets/textures/metal3.png@50.0x15.0
20:48:59.012 [JavaFX Application Thread] DEBUG AssetLoader          - Loading from cache: /assets/textures/wooden3.png@50.0x15.0
20:48:59.013 [JavaFX Application Thread] DEBUG AssetLoader          - Loading from cache: /assets/textures/wooden3.png@50.0x15.0
20:48:59.014 [JavaFX Application Thread] DEBUG AssetLoader          - Loading from cache: /assets/textures/glass.png@50.0x15.0
20:48:59.015 [JavaFX Application Thread] DEBUG AssetLoader          - Loading from cache: /assets/textures/glass.png@50.0x15.0
20:49:00.760 [JavaFX Application Thread] DEBUG AssetLoader          - Loading from disk: /assets/textures/wooden2.png
20:49:02.482 [JavaFX Application Thread] DEBUG AssetLoader          - Loading from cache: /assets/textures/ball.png@15.0x15.0
20:49:04.064 [JavaFX Application Thread] DEBUG AssetLoader          - Loading from cache: /assets/sounds/wood.wav
20:49:04.064 [JavaFX Application Thread] DEBUG AssetLoader          - Loading from disk: /assets/textures/wooden1.png
20:49:04.067 [JavaFX Application Thread] DEBUG AssetLoader          - Loading from cache: /assets/sounds/metal.wav
20:49:05.779 [JavaFX Application Thread] DEBUG AssetLoader          - Loading from cache: /assets/textures/ball.png@15.0x15.0
20:49:07.280 [JavaFX Application Thread] DEBUG AssetLoader          - Loading from cache: /assets/sounds/wood.wav
20:49:07.294 [JavaFX Application Thread] DEBUG AssetLoader          - Loading from disk: /assets/textures/metal2.png
20:49:07.295 [JavaFX Application Thread] DEBUG AssetLoader          - Loading from cache: /assets/sounds/metal.wav
20:49:09.012 [JavaFX Application Thread] DEBUG AssetLoader          - Loading from disk: /assets/textures/GO.png
20:49:09.033 [JavaFX Application Thread] DEBUG AssetLoader          - Loading from disk: /assets/textures/retry.png
21:21:08.995 [JavaFX Application Thread] DEBUG FXGL                 - Exiting FXGL
21:21:08.995 [JavaFX Application Thread] DEBUG FXGL                 - Shutting down background threads
21:21:08.995 [JavaFX Application Thread] DEBUG FXGL                 - Saving FXGL system data
21:21:09.000 [JavaFX Application Thread] DEBUG DesktopFSService     - Writing to: system\fxgl.bundle
21:21:09.004 [JavaFX Application Thread] DEBUG FXGL                 - Closing logger and exiting JavaFX
