19:38:03.791 [JavaFX Application Thread] DEBUG GameApplication      - Logger initialized
19:38:03.810 [JavaFX Application Thread] DEBUG GameApplication      - Logging settings
Title: CC302-Breakout
Version: 0.1
Width: 600
Height: 600
Fullscreen: false
Intro: false
Menus: false
Profiling: false
Single step:false
App Mode: DEVELOPER
Menu Key: ESCAPE
Stage Style: DECORATED
Scene Factory: class com.almasb.fxgl.scene.SceneFactory
Dialog Factory: class com.almasb.fxgl.ui.FXGLDialogFactory
UI Factory: class com.almasb.fxgl.ui.FXGLUIFactory
Notification Service: class com.almasb.fxgl.gameplay.notification.XboxNotificationView
Exception Handler: class com.almasb.fxgl.app.FXGLExceptionHandler
19:38:03.810 [JavaFX Application Thread] DEBUG GameApplication      - Starting FXGL
19:38:03.820 [JavaFX Application Thread] INFO  FXGL                 - FXGL-0.5.4 on DESKTOP
19:38:03.820 [JavaFX Application Thread] INFO  FXGL                 - Source code and latest versions at: https://github.com/AlmasB/FXGL
19:38:03.821 [JavaFX Application Thread] INFO  FXGL                 -              Join the FXGL chat at: https://gitter.im/AlmasB/FXGL
19:38:03.821 [JavaFX Application Thread] DEBUG FXGL                 - FXGL started
19:38:03.821 [JavaFX Application Thread] DEBUG FXGL                 - Initializing FXGL
19:38:03.883 [JavaFX Application Thread] DEBUG AssetLoader          - Loading from disk: /assets/ui/cursors/fxgl_default.png
19:38:03.959 [JavaFX Application Thread] DEBUG AssetLoader          - Loading from disk: /assets/ui/fonts/VarelaRound-Regular.ttf
19:38:04.179 [JavaFX Application Thread] DEBUG MainWindow           - Creating a JavaFX scene
19:38:04.238 [JavaFX Application Thread] DEBUG MainWindow           - Target settings size: 600.0 x 600.0
19:38:04.239 [JavaFX Application Thread] DEBUG MainWindow           - Scaled scene size:    600.0 x 600.0
19:38:04.239 [JavaFX Application Thread] DEBUG MainWindow           - Scaled ratio: (1.0, 1.0)
19:38:04.243 [JavaFX Application Thread] DEBUG AssetLoader          - Loading from disk: /assets/ui/css/fxgl_dark.css
19:38:04.250 [JavaFX Application Thread] DEBUG AssetLoader          - Loading from disk: /assets/textures/icon.png
19:38:04.273 [JavaFX Application Thread] DEBUG MainWindow           - Opening main window
19:38:04.671 [JavaFX Application Thread] DEBUG MainWindow           - Window border size: (4.0, 26.66668701171875)
19:38:04.672 [JavaFX Application Thread] DEBUG MainWindow           - Scaled size: 600.0 x 600.0
19:38:04.672 [JavaFX Application Thread] DEBUG MainWindow           - Scaled ratio: (1.0, 1.0)
19:38:04.672 [JavaFX Application Thread] DEBUG MainWindow           - Scene size: 600.0 x 600.0
19:38:04.673 [JavaFX Application Thread] DEBUG MainWindow           - Stage size: 604.0 x 626.6666870117188
19:38:04.838 [ForkJoinPool.commonPool-worker-1] DEBUG FS                   - Loaded DesktopFSService
19:38:04.838 [ForkJoinPool.commonPool-worker-1] DEBUG FXGL                 - Loading FXGL system data
19:38:04.852 [ForkJoinPool.commonPool-worker-1] DEBUG DesktopFSService     - Reading from: system\fxgl.bundle
19:38:04.874 [ForkJoinPool.commonPool-worker-1] DEBUG Bundle               - Logging bundle: FXGL
19:38:04.875 [ForkJoinPool.commonPool-worker-1] DEBUG Bundle               - FXGL.offline.timer.version.check=2018-12-21T15:32:12.413
19:38:04.876 [ForkJoinPool.commonPool-worker-1] DEBUG FXGL                 - Initializing state machine and application states
19:38:04.880 [ForkJoinPool.commonPool-worker-1] DEBUG AssetLoader          - Loading from disk: /assets/ui/cursors/fxgl_default.png
19:38:04.895 [ForkJoinPool.commonPool-worker-1] DEBUG AssetLoader          - Loading from disk: /assets/ui/cursors/fxgl_default.png
19:38:04.912 [ForkJoinPool.commonPool-worker-1] DEBUG AssetLoader          - Loading from cache: /assets/ui/fonts/VarelaRound-Regular.ttf
19:38:04.918 [ForkJoinPool.commonPool-worker-1] DEBUG AssetLoader          - Loading from disk: /assets/ui/cursors/fxgl_default.png
19:38:04.925 [ForkJoinPool.commonPool-worker-1] DEBUG GameScene            - Game scene initialized: 600x600
19:38:04.964 [ForkJoinPool.commonPool-worker-1] DEBUG GameWorld            - Game world initialized
19:38:05.103 [ForkJoinPool.commonPool-worker-1] DEBUG PhysicsWorld         - Physics world initialized: appHeight=600, physics.ppm=50,0
19:38:05.140 [ForkJoinPool.commonPool-worker-1] DEBUG Input                - Registered new binding: Pause - Esc
19:38:05.240 [JavaFX Application Thread] DEBUG FXGL                 - Running preInit()
19:38:05.243 [JavaFX Application Thread] DEBUG Input                - Registered new binding: Screenshot - P
19:38:05.244 [JavaFX Application Thread] DEBUG Input                - Registered new binding: Dev Options - CTRL+0
19:38:05.245 [JavaFX Application Thread] DEBUG Input                - Registered new binding: System info dump - CTRL+9
19:38:05.245 [JavaFX Application Thread] DEBUG Input                - Registered new binding: Restart - CTRL+R
19:38:05.245 [JavaFX Application Thread] DEBUG Input                - Registered new binding: Open/Close Panel - Tab
19:38:05.246 [JavaFX Application Thread] DEBUG Input                - Registered new binding: Move Right - D
19:38:05.246 [JavaFX Application Thread] DEBUG Input                - Registered new binding: Testing - T
19:38:05.246 [JavaFX Application Thread] DEBUG Input                - Registered new binding: NewLevel - N
19:38:05.246 [JavaFX Application Thread] DEBUG Input                - Registered new binding: Retry - R
19:38:05.247 [JavaFX Application Thread] DEBUG Input                - Registered new binding: Move Left - A
19:38:05.247 [JavaFX Application Thread] DEBUG Input                - Registered new binding: Launch - Space
19:38:05.250 [JavaFX Application Thread] INFO  FXGL                 - FXGL initialization took: 1,428 sec
19:38:05.251 [JavaFX Application Thread] DEBUG LoopRunner           - Starting loop
19:38:05.255 [JavaFX Application Thread] DEBUG StartupState         - STARTUP
19:38:05.255 [JavaFX Application Thread] DEBUG GameApplication      - Starting new game
19:38:05.256 [JavaFX Application Thread] DEBUG Input                - Clearing active input actions
19:38:05.257 [JavaFX Application Thread] DEBUG AssetLoader          - Loading from disk: /assets/ui/css/fxgl_dark.css
19:38:05.268 [JavaFX Application Thread] DEBUG AppStateMachine      - StartupState -> LoadingState
19:38:05.276 [FXGL Background Thread 1 ] DEBUG InitAppTask          - Clearing previous game
19:38:05.276 [FXGL Background Thread 1 ] DEBUG GameWorld            - Clearing game world
19:38:05.277 [FXGL Background Thread 1 ] DEBUG PhysicsWorld         - Clearing physics world
19:38:05.277 [FXGL Background Thread 1 ] DEBUG GameScene            - Clearing game scene
19:38:05.279 [FXGL Background Thread 1 ] DEBUG InitAppTask          - Initializing Game
19:38:05.369 [FXGL Background Thread 1 ] DEBUG AssetLoader          - Loading from disk: /assets/textures/bat.png
19:38:05.419 [FXGL Background Thread 1 ] DEBUG AssetLoader          - Loading from disk: /assets/textures/bg.png
19:38:05.453 [FXGL Background Thread 1 ] DEBUG AssetLoader          - Loading from disk: /assets/textures/ball.png
19:38:05.522 [FXGL Background Thread 1 ] DEBUG GameScene            - Creating render group for layer: DEFAULT(100000)
19:38:05.526 [FXGL Background Thread 1 ] DEBUG GameScene            - Creating render group for layer: BACKGROUND(1000)
19:38:05.527 [FXGL Background Thread 1 ] DEBUG InitAppTask          - Initializing Physics
19:38:05.529 [FXGL Background Thread 1 ] DEBUG InitAppTask          - Initializing UI
19:38:05.529 [FXGL Background Thread 1 ] DEBUG InitAppTask          - Initialization Complete
19:38:05.529 [FXGL Background Thread 1 ] INFO  InitAppTask          - Game initialization took: 0,253 sec
19:38:05.540 [JavaFX Application Thread] DEBUG Input                - Clearing active input actions
19:38:05.541 [JavaFX Application Thread] DEBUG AssetLoader          - Loading from disk: /assets/ui/css/fxgl_dark.css
19:38:05.557 [JavaFX Application Thread] DEBUG AppStateMachine      - LoadingState -> PlayState
19:38:07.918 [JavaFX Application Thread] DEBUG AssetLoader          - Loading from cache: /assets/ui/fonts/VarelaRound-Regular.ttf
19:38:07.919 [JavaFX Application Thread] DEBUG AssetLoader          - Loading from cache: /assets/ui/fonts/VarelaRound-Regular.ttf
19:38:07.920 [JavaFX Application Thread] DEBUG AssetLoader          - Loading from cache: /assets/ui/fonts/VarelaRound-Regular.ttf
19:38:07.921 [JavaFX Application Thread] DEBUG AssetLoader          - Loading from cache: /assets/ui/fonts/VarelaRound-Regular.ttf
19:38:07.922 [JavaFX Application Thread] DEBUG AssetLoader          - Loading from cache: /assets/ui/fonts/VarelaRound-Regular.ttf
19:38:08.356 [JavaFX Application Thread] DEBUG AssetLoader          - Loading from cache: /assets/ui/fonts/VarelaRound-Regular.ttf
19:38:08.357 [JavaFX Application Thread] DEBUG AssetLoader          - Loading from cache: /assets/ui/fonts/VarelaRound-Regular.ttf
19:38:08.357 [JavaFX Application Thread] DEBUG AssetLoader          - Loading from cache: /assets/ui/fonts/VarelaRound-Regular.ttf
19:38:08.357 [JavaFX Application Thread] DEBUG AssetLoader          - Loading from cache: /assets/ui/fonts/VarelaRound-Regular.ttf
19:38:08.357 [JavaFX Application Thread] DEBUG AssetLoader          - Loading from cache: /assets/ui/fonts/VarelaRound-Regular.ttf
19:38:09.322 [JavaFX Application Thread] DEBUG AssetLoader          - Loading from disk: /assets/textures/glass.png
19:38:09.326 [JavaFX Application Thread] DEBUG AssetLoader          - Loading from disk: /assets/textures/metal3.png
19:38:09.328 [JavaFX Application Thread] DEBUG AssetLoader          - Loading from cache: /assets/textures/metal3.png@50.0x15.0
19:38:09.329 [JavaFX Application Thread] DEBUG AssetLoader          - Loading from cache: /assets/textures/glass.png@50.0x15.0
19:38:09.331 [JavaFX Application Thread] DEBUG AssetLoader          - Loading from disk: /assets/textures/wooden3.png
19:38:09.333 [JavaFX Application Thread] DEBUG AssetLoader          - Loading from cache: /assets/textures/glass.png@50.0x15.0
19:38:09.334 [JavaFX Application Thread] DEBUG AssetLoader          - Loading from cache: /assets/textures/glass.png@50.0x15.0
19:38:09.335 [JavaFX Application Thread] DEBUG AssetLoader          - Loading from cache: /assets/textures/glass.png@50.0x15.0
19:38:09.336 [JavaFX Application Thread] DEBUG AssetLoader          - Loading from cache: /assets/textures/wooden3.png@50.0x15.0
19:38:09.337 [JavaFX Application Thread] DEBUG AssetLoader          - Loading from cache: /assets/textures/wooden3.png@50.0x15.0
19:38:09.338 [JavaFX Application Thread] DEBUG AssetLoader          - Loading from cache: /assets/textures/glass.png@50.0x15.0
19:38:09.340 [JavaFX Application Thread] DEBUG AssetLoader          - Loading from cache: /assets/textures/glass.png@50.0x15.0
19:38:09.341 [JavaFX Application Thread] DEBUG AssetLoader          - Loading from cache: /assets/textures/glass.png@50.0x15.0
19:38:09.343 [JavaFX Application Thread] DEBUG AssetLoader          - Loading from cache: /assets/textures/glass.png@50.0x15.0
19:38:09.344 [JavaFX Application Thread] DEBUG AssetLoader          - Loading from cache: /assets/textures/wooden3.png@50.0x15.0
19:38:09.345 [JavaFX Application Thread] DEBUG AssetLoader          - Loading from cache: /assets/textures/metal3.png@50.0x15.0
19:38:09.346 [JavaFX Application Thread] DEBUG AssetLoader          - Loading from cache: /assets/textures/wooden3.png@50.0x15.0
19:38:09.348 [JavaFX Application Thread] DEBUG AssetLoader          - Loading from cache: /assets/textures/wooden3.png@50.0x15.0
19:38:09.349 [JavaFX Application Thread] DEBUG AssetLoader          - Loading from cache: /assets/textures/wooden3.png@50.0x15.0
19:38:09.350 [JavaFX Application Thread] DEBUG AssetLoader          - Loading from cache: /assets/textures/wooden3.png@50.0x15.0
19:38:09.351 [JavaFX Application Thread] DEBUG AssetLoader          - Loading from cache: /assets/textures/glass.png@50.0x15.0
19:38:09.353 [JavaFX Application Thread] DEBUG AssetLoader          - Loading from cache: /assets/textures/wooden3.png@50.0x15.0
19:38:09.354 [JavaFX Application Thread] DEBUG AssetLoader          - Loading from cache: /assets/textures/glass.png@50.0x15.0
19:38:13.710 [JavaFX Application Thread] DEBUG AssetLoader          - Loading from disk: /assets/textures/wooden2.png
19:38:13.711 [JavaFX Application Thread] DEBUG AssetLoader          - Loading from cache: /assets/sounds/wood.wav
19:38:13.711 [JavaFX Application Thread] DEBUG AssetLoader          - Loading from cache: /assets/textures/wooden2.png
19:38:15.436 [JavaFX Application Thread] DEBUG FXGL                 - Exiting FXGL
19:38:15.437 [JavaFX Application Thread] DEBUG FXGL                 - Shutting down background threads
19:38:15.437 [JavaFX Application Thread] DEBUG FXGL                 - Saving FXGL system data
19:38:15.441 [JavaFX Application Thread] DEBUG DesktopFSService     - Writing to: system\fxgl.bundle
19:38:15.446 [JavaFX Application Thread] DEBUG FXGL                 - Closing logger and exiting JavaFX
