17:53:38.815 [JavaFX Application Thread] DEBUG GameApplication      - Logger initialized
17:53:38.845 [JavaFX Application Thread] DEBUG GameApplication      - Logging settings
Title: CC302-Breakout
Version: 0.1
Width: 600
Height: 600
Fullscreen: false
Intro: false
Menus: false
Profiling: false
Single step:false
App Mode: DEVELOPER
Menu Key: ESCAPE
Stage Style: DECORATED
Scene Factory: class com.almasb.fxgl.scene.SceneFactory
Dialog Factory: class com.almasb.fxgl.ui.FXGLDialogFactory
UI Factory: class com.almasb.fxgl.ui.FXGLUIFactory
Notification Service: class com.almasb.fxgl.gameplay.notification.XboxNotificationView
Exception Handler: class com.almasb.fxgl.app.FXGLExceptionHandler
17:53:38.849 [JavaFX Application Thread] DEBUG GameApplication      - Starting FXGL
17:53:38.863 [JavaFX Application Thread] INFO  FXGL                 - FXGL-0.5.4 on DESKTOP
17:53:38.864 [JavaFX Application Thread] INFO  FXGL                 - Source code and latest versions at: https://github.com/AlmasB/FXGL
17:53:38.865 [JavaFX Application Thread] INFO  FXGL                 -              Join the FXGL chat at: https://gitter.im/AlmasB/FXGL
17:53:38.865 [JavaFX Application Thread] DEBUG FXGL                 - FXGL started
17:53:38.866 [JavaFX Application Thread] DEBUG FXGL                 - Initializing FXGL
17:53:38.951 [JavaFX Application Thread] DEBUG AssetLoader          - Loading from disk: /assets/ui/cursors/fxgl_default.png
17:53:39.039 [JavaFX Application Thread] DEBUG AssetLoader          - Loading from disk: /assets/ui/fonts/VarelaRound-Regular.ttf
17:53:39.273 [JavaFX Application Thread] DEBUG MainWindow           - Creating a JavaFX scene
17:53:39.367 [JavaFX Application Thread] DEBUG MainWindow           - Target settings size: 600.0 x 600.0
17:53:39.368 [JavaFX Application Thread] DEBUG MainWindow           - Scaled scene size:    600.0 x 600.0
17:53:39.368 [JavaFX Application Thread] DEBUG MainWindow           - Scaled ratio: (1.0, 1.0)
17:53:39.385 [JavaFX Application Thread] DEBUG AssetLoader          - Loading from disk: /assets/ui/css/fxgl_dark.css
17:53:39.394 [JavaFX Application Thread] DEBUG AssetLoader          - Loading from disk: /assets/textures/icon.png
17:53:39.425 [JavaFX Application Thread] DEBUG MainWindow           - Opening main window
17:53:39.913 [JavaFX Application Thread] DEBUG MainWindow           - Window border size: (4.0, 26.66668701171875)
17:53:39.913 [JavaFX Application Thread] DEBUG MainWindow           - Scaled size: 600.0 x 600.0
17:53:39.914 [JavaFX Application Thread] DEBUG MainWindow           - Scaled ratio: (1.0, 1.0)
17:53:39.914 [JavaFX Application Thread] DEBUG MainWindow           - Scene size: 600.0 x 600.0
17:53:39.915 [JavaFX Application Thread] DEBUG MainWindow           - Stage size: 604.0 x 626.6666870117188
17:53:40.061 [ForkJoinPool.commonPool-worker-1] DEBUG FS                   - Loaded DesktopFSService
17:53:40.061 [ForkJoinPool.commonPool-worker-1] DEBUG FXGL                 - Loading FXGL system data
17:53:40.073 [ForkJoinPool.commonPool-worker-1] DEBUG DesktopFSService     - Reading from: system\fxgl.bundle
17:53:40.089 [ForkJoinPool.commonPool-worker-1] DEBUG Bundle               - Logging bundle: FXGL
17:53:40.091 [ForkJoinPool.commonPool-worker-1] DEBUG Bundle               - FXGL.offline.timer.version.check=2018-12-21T15:32:12.413
17:53:40.092 [ForkJoinPool.commonPool-worker-1] DEBUG FXGL                 - Initializing state machine and application states
17:53:40.095 [ForkJoinPool.commonPool-worker-1] DEBUG AssetLoader          - Loading from disk: /assets/ui/cursors/fxgl_default.png
17:53:40.105 [ForkJoinPool.commonPool-worker-1] DEBUG AssetLoader          - Loading from disk: /assets/ui/cursors/fxgl_default.png
17:53:40.118 [ForkJoinPool.commonPool-worker-1] DEBUG AssetLoader          - Loading from cache: /assets/ui/fonts/VarelaRound-Regular.ttf
17:53:40.122 [ForkJoinPool.commonPool-worker-1] DEBUG AssetLoader          - Loading from disk: /assets/ui/cursors/fxgl_default.png
17:53:40.149 [ForkJoinPool.commonPool-worker-1] DEBUG GameScene            - Game scene initialized: 600x600
17:53:40.161 [ForkJoinPool.commonPool-worker-1] DEBUG GameWorld            - Game world initialized
17:53:40.303 [ForkJoinPool.commonPool-worker-1] DEBUG PhysicsWorld         - Physics world initialized: appHeight=600, physics.ppm=50,0
17:53:40.342 [ForkJoinPool.commonPool-worker-1] DEBUG Input                - Registered new binding: Pause - Esc
17:53:40.438 [JavaFX Application Thread] DEBUG FXGL                 - Running preInit()
17:53:40.441 [JavaFX Application Thread] DEBUG Input                - Registered new binding: Screenshot - P
17:53:40.442 [JavaFX Application Thread] DEBUG Input                - Registered new binding: Dev Options - CTRL+0
17:53:40.443 [JavaFX Application Thread] DEBUG Input                - Registered new binding: System info dump - CTRL+9
17:53:40.443 [JavaFX Application Thread] DEBUG Input                - Registered new binding: Restart - CTRL+R
17:53:40.444 [JavaFX Application Thread] DEBUG Input                - Registered new binding: Open/Close Panel - Tab
17:53:40.444 [JavaFX Application Thread] DEBUG Input                - Registered new binding: Move Right - D
17:53:40.445 [JavaFX Application Thread] DEBUG Input                - Registered new binding: Testing - T
17:53:40.445 [JavaFX Application Thread] DEBUG Input                - Registered new binding: NewLevel - N
17:53:40.445 [JavaFX Application Thread] DEBUG Input                - Registered new binding: Retry - R
17:53:40.445 [JavaFX Application Thread] DEBUG Input                - Registered new binding: Move Left - A
17:53:40.446 [JavaFX Application Thread] DEBUG Input                - Registered new binding: Launch - Space
17:53:40.447 [JavaFX Application Thread] INFO  FXGL                 - FXGL initialization took: 1,581 sec
17:53:40.447 [JavaFX Application Thread] DEBUG LoopRunner           - Starting loop
17:53:40.450 [JavaFX Application Thread] DEBUG StartupState         - STARTUP
17:53:40.451 [JavaFX Application Thread] DEBUG GameApplication      - Starting new game
17:53:40.451 [JavaFX Application Thread] DEBUG Input                - Clearing active input actions
17:53:40.452 [JavaFX Application Thread] DEBUG AssetLoader          - Loading from disk: /assets/ui/css/fxgl_dark.css
17:53:40.463 [JavaFX Application Thread] DEBUG AppStateMachine      - StartupState -> LoadingState
17:53:40.613 [FXGL Background Thread 1 ] DEBUG InitAppTask          - Clearing previous game
17:53:40.614 [FXGL Background Thread 1 ] DEBUG GameWorld            - Clearing game world
17:53:40.614 [FXGL Background Thread 1 ] DEBUG PhysicsWorld         - Clearing physics world
17:53:40.614 [FXGL Background Thread 1 ] DEBUG GameScene            - Clearing game scene
17:53:40.618 [FXGL Background Thread 1 ] DEBUG InitAppTask          - Initializing Game
17:53:40.700 [FXGL Background Thread 1 ] DEBUG AssetLoader          - Loading from disk: /assets/textures/bat.png
17:53:40.712 [FXGL Background Thread 1 ] DEBUG AssetLoader          - Loading from disk: /assets/textures/bg.png
17:53:40.754 [FXGL Background Thread 1 ] DEBUG AssetLoader          - Loading from disk: /assets/textures/ball.png
17:53:40.828 [FXGL Background Thread 1 ] DEBUG GameScene            - Creating render group for layer: DEFAULT(100000)
17:53:40.930 [FXGL Background Thread 1 ] DEBUG GameScene            - Creating render group for layer: BACKGROUND(1000)
17:53:40.931 [FXGL Background Thread 1 ] DEBUG InitAppTask          - Initializing Physics
17:53:40.933 [FXGL Background Thread 1 ] DEBUG InitAppTask          - Initializing UI
17:53:40.933 [FXGL Background Thread 1 ] DEBUG InitAppTask          - Initialization Complete
17:53:40.933 [FXGL Background Thread 1 ] INFO  InitAppTask          - Game initialization took: 0,320 sec
17:53:40.940 [JavaFX Application Thread] DEBUG Input                - Clearing active input actions
17:53:40.941 [JavaFX Application Thread] DEBUG AssetLoader          - Loading from disk: /assets/ui/css/fxgl_dark.css
17:53:40.955 [JavaFX Application Thread] DEBUG AppStateMachine      - LoadingState -> PlayState
17:54:04.854 [JavaFX Application Thread] DEBUG FXGL                 - Exiting FXGL
17:54:04.854 [JavaFX Application Thread] DEBUG FXGL                 - Shutting down background threads
17:54:04.854 [JavaFX Application Thread] DEBUG FXGL                 - Saving FXGL system data
17:54:04.858 [JavaFX Application Thread] DEBUG DesktopFSService     - Writing to: system\fxgl.bundle
17:54:04.861 [JavaFX Application Thread] DEBUG FXGL                 - Closing logger and exiting JavaFX
