17:45:46.943 [JavaFX Application Thread] DEBUG GameApplication      - Logger initialized
17:45:46.969 [JavaFX Application Thread] DEBUG GameApplication      - Logging settings
Title: CC302-Breakout
Version: 0.1
Width: 600
Height: 600
Fullscreen: false
Intro: false
Menus: false
Profiling: false
Single step:false
App Mode: DEVELOPER
Menu Key: ESCAPE
Stage Style: DECORATED
Scene Factory: class com.almasb.fxgl.scene.SceneFactory
Dialog Factory: class com.almasb.fxgl.ui.FXGLDialogFactory
UI Factory: class com.almasb.fxgl.ui.FXGLUIFactory
Notification Service: class com.almasb.fxgl.gameplay.notification.XboxNotificationView
Exception Handler: class com.almasb.fxgl.app.FXGLExceptionHandler
17:45:46.969 [JavaFX Application Thread] DEBUG GameApplication      - Starting FXGL
17:45:46.984 [JavaFX Application Thread] INFO  FXGL                 - FXGL-0.5.4 on DESKTOP
17:45:46.985 [JavaFX Application Thread] INFO  FXGL                 - Source code and latest versions at: https://github.com/AlmasB/FXGL
17:45:46.985 [JavaFX Application Thread] INFO  FXGL                 -              Join the FXGL chat at: https://gitter.im/AlmasB/FXGL
17:45:46.985 [JavaFX Application Thread] DEBUG FXGL                 - FXGL started
17:45:46.986 [JavaFX Application Thread] DEBUG FXGL                 - Initializing FXGL
17:45:47.078 [JavaFX Application Thread] DEBUG AssetLoader          - Loading from disk: /assets/ui/cursors/fxgl_default.png
17:45:47.152 [JavaFX Application Thread] DEBUG AssetLoader          - Loading from disk: /assets/ui/fonts/VarelaRound-Regular.ttf
17:45:47.363 [JavaFX Application Thread] DEBUG MainWindow           - Creating a JavaFX scene
17:45:47.516 [JavaFX Application Thread] DEBUG MainWindow           - Target settings size: 600.0 x 600.0
17:45:47.516 [JavaFX Application Thread] DEBUG MainWindow           - Scaled scene size:    600.0 x 600.0
17:45:47.519 [JavaFX Application Thread] DEBUG MainWindow           - Scaled ratio: (1.0, 1.0)
17:45:47.527 [JavaFX Application Thread] DEBUG AssetLoader          - Loading from disk: /assets/ui/css/fxgl_dark.css
17:45:47.536 [JavaFX Application Thread] DEBUG AssetLoader          - Loading from disk: /assets/textures/fxgl_icon.png
17:45:47.590 [JavaFX Application Thread] DEBUG MainWindow           - Opening main window
17:45:48.053 [JavaFX Application Thread] DEBUG MainWindow           - Window border size: (4.0, 26.66668701171875)
17:45:48.053 [JavaFX Application Thread] DEBUG MainWindow           - Scaled size: 600.0 x 600.0
17:45:48.053 [JavaFX Application Thread] DEBUG MainWindow           - Scaled ratio: (1.0, 1.0)
17:45:48.053 [JavaFX Application Thread] DEBUG MainWindow           - Scene size: 600.0 x 600.0
17:45:48.054 [JavaFX Application Thread] DEBUG MainWindow           - Stage size: 604.0 x 626.6666870117188
17:45:48.252 [ForkJoinPool.commonPool-worker-1] DEBUG FS                   - Loaded DesktopFSService
17:45:48.253 [ForkJoinPool.commonPool-worker-1] DEBUG FXGL                 - Loading FXGL system data
17:45:48.262 [ForkJoinPool.commonPool-worker-1] DEBUG DesktopFSService     - Reading from: system\fxgl.bundle
17:45:48.286 [ForkJoinPool.commonPool-worker-1] DEBUG Bundle               - Logging bundle: FXGL
17:45:48.287 [ForkJoinPool.commonPool-worker-1] DEBUG Bundle               - FXGL.offline.timer.version.check=2018-12-21T15:32:12.413
17:45:48.288 [ForkJoinPool.commonPool-worker-1] DEBUG FXGL                 - Initializing state machine and application states
17:45:48.291 [ForkJoinPool.commonPool-worker-1] DEBUG AssetLoader          - Loading from disk: /assets/ui/cursors/fxgl_default.png
17:45:48.303 [ForkJoinPool.commonPool-worker-1] DEBUG AssetLoader          - Loading from disk: /assets/ui/cursors/fxgl_default.png
17:45:48.313 [ForkJoinPool.commonPool-worker-1] DEBUG AssetLoader          - Loading from cache: /assets/ui/fonts/VarelaRound-Regular.ttf
17:45:48.322 [ForkJoinPool.commonPool-worker-1] DEBUG AssetLoader          - Loading from disk: /assets/ui/cursors/fxgl_default.png
17:45:48.327 [ForkJoinPool.commonPool-worker-1] DEBUG GameScene            - Game scene initialized: 600x600
17:45:48.355 [ForkJoinPool.commonPool-worker-1] DEBUG GameWorld            - Game world initialized
17:45:48.460 [ForkJoinPool.commonPool-worker-1] DEBUG PhysicsWorld         - Physics world initialized: appHeight=600, physics.ppm=50,0
17:45:48.512 [ForkJoinPool.commonPool-worker-1] DEBUG Input                - Registered new binding: Pause - Esc
17:45:48.606 [JavaFX Application Thread] DEBUG FXGL                 - Running preInit()
17:45:48.609 [JavaFX Application Thread] DEBUG Input                - Registered new binding: Screenshot - P
17:45:48.609 [JavaFX Application Thread] DEBUG Input                - Registered new binding: Dev Options - CTRL+0
17:45:48.610 [JavaFX Application Thread] DEBUG Input                - Registered new binding: System info dump - CTRL+9
17:45:48.611 [JavaFX Application Thread] DEBUG Input                - Registered new binding: Restart - CTRL+R
17:45:48.611 [JavaFX Application Thread] DEBUG Input                - Registered new binding: Open/Close Panel - Tab
17:45:48.611 [JavaFX Application Thread] DEBUG Input                - Registered new binding: Move Right - D
17:45:48.611 [JavaFX Application Thread] DEBUG Input                - Registered new binding: Testing - T
17:45:48.612 [JavaFX Application Thread] DEBUG Input                - Registered new binding: NewLevel - N
17:45:48.612 [JavaFX Application Thread] DEBUG Input                - Registered new binding: Retry - R
17:45:48.612 [JavaFX Application Thread] DEBUG Input                - Registered new binding: Move Left - A
17:45:48.612 [JavaFX Application Thread] DEBUG Input                - Registered new binding: Launch - Space
17:45:48.613 [JavaFX Application Thread] INFO  FXGL                 - FXGL initialization took: 1,627 sec
17:45:48.613 [JavaFX Application Thread] DEBUG LoopRunner           - Starting loop
17:45:48.619 [JavaFX Application Thread] DEBUG StartupState         - STARTUP
17:45:48.619 [JavaFX Application Thread] DEBUG GameApplication      - Starting new game
17:45:48.619 [JavaFX Application Thread] DEBUG Input                - Clearing active input actions
17:45:48.621 [JavaFX Application Thread] DEBUG AssetLoader          - Loading from disk: /assets/ui/css/fxgl_dark.css
17:45:48.633 [JavaFX Application Thread] DEBUG AppStateMachine      - StartupState -> LoadingState
17:45:48.715 [FXGL Background Thread 1 ] DEBUG InitAppTask          - Clearing previous game
17:45:48.715 [FXGL Background Thread 1 ] DEBUG GameWorld            - Clearing game world
17:45:48.715 [FXGL Background Thread 1 ] DEBUG PhysicsWorld         - Clearing physics world
17:45:48.716 [FXGL Background Thread 1 ] DEBUG GameScene            - Clearing game scene
17:45:48.721 [FXGL Background Thread 1 ] DEBUG InitAppTask          - Initializing Game
17:45:48.806 [FXGL Background Thread 1 ] DEBUG AssetLoader          - Loading from disk: /assets/textures/bat.png
17:45:48.818 [FXGL Background Thread 1 ] DEBUG AssetLoader          - Loading from disk: /assets/textures/bg.png
17:45:48.859 [FXGL Background Thread 1 ] DEBUG AssetLoader          - Loading from disk: /assets/textures/ball.png
17:45:48.990 [FXGL Background Thread 1 ] DEBUG GameScene            - Creating render group for layer: DEFAULT(100000)
17:45:48.996 [FXGL Background Thread 1 ] DEBUG GameScene            - Creating render group for layer: BACKGROUND(1000)
17:45:48.999 [FXGL Background Thread 1 ] DEBUG InitAppTask          - Initializing Physics
17:45:49.001 [FXGL Background Thread 1 ] DEBUG InitAppTask          - Initializing UI
17:45:49.001 [FXGL Background Thread 1 ] DEBUG InitAppTask          - Initialization Complete
17:45:49.001 [FXGL Background Thread 1 ] INFO  InitAppTask          - Game initialization took: 0,287 sec
17:45:49.009 [JavaFX Application Thread] DEBUG Input                - Clearing active input actions
17:45:49.010 [JavaFX Application Thread] DEBUG AssetLoader          - Loading from disk: /assets/ui/css/fxgl_dark.css
17:45:49.022 [JavaFX Application Thread] DEBUG AppStateMachine      - LoadingState -> PlayState
17:45:50.740 [JavaFX Application Thread] DEBUG AssetLoader          - Loading from disk: /assets/textures/glass.png
17:45:50.749 [JavaFX Application Thread] DEBUG AssetLoader          - Loading from cache: /assets/textures/glass.png@50.0x15.0
17:45:50.753 [JavaFX Application Thread] DEBUG AssetLoader          - Loading from disk: /assets/textures/wooden3.png
17:45:50.755 [JavaFX Application Thread] DEBUG AssetLoader          - Loading from cache: /assets/textures/glass.png@50.0x15.0
17:45:50.757 [JavaFX Application Thread] DEBUG AssetLoader          - Loading from cache: /assets/textures/glass.png@50.0x15.0
17:45:50.758 [JavaFX Application Thread] DEBUG AssetLoader          - Loading from cache: /assets/textures/glass.png@50.0x15.0
17:45:50.759 [JavaFX Application Thread] DEBUG AssetLoader          - Loading from cache: /assets/textures/glass.png@50.0x15.0
17:45:50.761 [JavaFX Application Thread] DEBUG AssetLoader          - Loading from cache: /assets/textures/glass.png@50.0x15.0
17:45:50.763 [JavaFX Application Thread] DEBUG AssetLoader          - Loading from cache: /assets/textures/wooden3.png@50.0x15.0
17:45:50.764 [JavaFX Application Thread] DEBUG AssetLoader          - Loading from cache: /assets/textures/wooden3.png@50.0x15.0
17:45:50.766 [JavaFX Application Thread] DEBUG AssetLoader          - Loading from cache: /assets/textures/glass.png@50.0x15.0
17:45:50.767 [JavaFX Application Thread] DEBUG AssetLoader          - Loading from cache: /assets/textures/wooden3.png@50.0x15.0
17:45:50.769 [JavaFX Application Thread] DEBUG AssetLoader          - Loading from cache: /assets/textures/wooden3.png@50.0x15.0
17:45:50.771 [JavaFX Application Thread] DEBUG AssetLoader          - Loading from cache: /assets/textures/wooden3.png@50.0x15.0
17:45:50.772 [JavaFX Application Thread] DEBUG AssetLoader          - Loading from cache: /assets/textures/wooden3.png@50.0x15.0
17:45:50.774 [JavaFX Application Thread] DEBUG AssetLoader          - Loading from cache: /assets/textures/wooden3.png@50.0x15.0
17:45:50.775 [JavaFX Application Thread] DEBUG AssetLoader          - Loading from cache: /assets/textures/wooden3.png@50.0x15.0
17:45:50.777 [JavaFX Application Thread] DEBUG AssetLoader          - Loading from cache: /assets/textures/glass.png@50.0x15.0
17:45:50.778 [JavaFX Application Thread] DEBUG AssetLoader          - Loading from cache: /assets/textures/wooden3.png@50.0x15.0
17:45:50.780 [JavaFX Application Thread] DEBUG AssetLoader          - Loading from cache: /assets/textures/glass.png@50.0x15.0
17:45:58.693 [JavaFX Application Thread] DEBUG FXGL                 - Exiting FXGL
17:45:58.693 [JavaFX Application Thread] DEBUG FXGL                 - Shutting down background threads
17:45:58.694 [JavaFX Application Thread] DEBUG FXGL                 - Saving FXGL system data
17:45:58.697 [JavaFX Application Thread] DEBUG DesktopFSService     - Writing to: system\fxgl.bundle
17:45:58.700 [JavaFX Application Thread] DEBUG FXGL                 - Closing logger and exiting JavaFX
