20:08:10.953 [JavaFX Application Thread] DEBUG GameApplication      - Logger initialized
20:08:10.977 [JavaFX Application Thread] DEBUG GameApplication      - Logging settings
Title: CC302-Breakout
Version: 1.0
Width: 600
Height: 600
Fullscreen: false
Intro: false
Menus: false
Profiling: false
Single step:false
App Mode: DEVELOPER
Menu Key: ESCAPE
Stage Style: DECORATED
Scene Factory: class com.almasb.fxgl.scene.SceneFactory
Dialog Factory: class com.almasb.fxgl.ui.FXGLDialogFactory
UI Factory: class com.almasb.fxgl.ui.FXGLUIFactory
Notification Service: class com.almasb.fxgl.gameplay.notification.XboxNotificationView
Exception Handler: class com.almasb.fxgl.app.FXGLExceptionHandler
20:08:10.977 [JavaFX Application Thread] DEBUG GameApplication      - Starting FXGL
20:08:10.998 [JavaFX Application Thread] INFO  FXGL                 - FXGL-0.5.4 on DESKTOP
20:08:10.999 [JavaFX Application Thread] INFO  FXGL                 - Source code and latest versions at: https://github.com/AlmasB/FXGL
20:08:10.999 [JavaFX Application Thread] INFO  FXGL                 -              Join the FXGL chat at: https://gitter.im/AlmasB/FXGL
20:08:11.000 [JavaFX Application Thread] DEBUG FXGL                 - FXGL started
20:08:11.000 [JavaFX Application Thread] DEBUG FXGL                 - Initializing FXGL
20:08:11.081 [JavaFX Application Thread] DEBUG AssetLoader          - Loading from disk: /assets/ui/cursors/fxgl_default.png
20:08:11.156 [JavaFX Application Thread] DEBUG AssetLoader          - Loading from disk: /assets/ui/fonts/VarelaRound-Regular.ttf
20:08:11.364 [JavaFX Application Thread] DEBUG MainWindow           - Creating a JavaFX scene
20:08:11.440 [JavaFX Application Thread] DEBUG MainWindow           - Target settings size: 600.0 x 600.0
20:08:11.440 [JavaFX Application Thread] DEBUG MainWindow           - Scaled scene size:    600.0 x 600.0
20:08:11.440 [JavaFX Application Thread] DEBUG MainWindow           - Scaled ratio: (1.0, 1.0)
20:08:11.446 [JavaFX Application Thread] DEBUG AssetLoader          - Loading from disk: /assets/ui/css/fxgl_dark.css
20:08:11.457 [JavaFX Application Thread] DEBUG AssetLoader          - Loading from disk: /assets/textures/icon.png
20:08:11.515 [JavaFX Application Thread] DEBUG MainWindow           - Opening main window
20:08:11.932 [JavaFX Application Thread] DEBUG MainWindow           - Window border size: (4.0, 26.66668701171875)
20:08:11.932 [JavaFX Application Thread] DEBUG MainWindow           - Scaled size: 600.0 x 600.0
20:08:11.932 [JavaFX Application Thread] DEBUG MainWindow           - Scaled ratio: (1.0, 1.0)
20:08:11.932 [JavaFX Application Thread] DEBUG MainWindow           - Scene size: 600.0 x 600.0
20:08:11.932 [JavaFX Application Thread] DEBUG MainWindow           - Stage size: 604.0 x 626.6666870117188
20:08:12.189 [ForkJoinPool.commonPool-worker-1] DEBUG FS                   - Loaded DesktopFSService
20:08:12.190 [ForkJoinPool.commonPool-worker-1] DEBUG FXGL                 - Loading FXGL system data
20:08:12.203 [ForkJoinPool.commonPool-worker-1] DEBUG DesktopFSService     - Reading from: system\fxgl.bundle
20:08:12.222 [ForkJoinPool.commonPool-worker-1] DEBUG Bundle               - Logging bundle: FXGL
20:08:12.223 [ForkJoinPool.commonPool-worker-1] DEBUG Bundle               - FXGL.offline.timer.version.check=2018-12-21T15:32:12.413
20:08:12.224 [ForkJoinPool.commonPool-worker-1] DEBUG FXGL                 - Initializing state machine and application states
20:08:12.230 [ForkJoinPool.commonPool-worker-1] DEBUG AssetLoader          - Loading from disk: /assets/ui/cursors/fxgl_default.png
20:08:12.238 [ForkJoinPool.commonPool-worker-1] DEBUG AssetLoader          - Loading from disk: /assets/ui/cursors/fxgl_default.png
20:08:12.251 [ForkJoinPool.commonPool-worker-1] DEBUG AssetLoader          - Loading from cache: /assets/ui/fonts/VarelaRound-Regular.ttf
20:08:12.255 [ForkJoinPool.commonPool-worker-1] DEBUG AssetLoader          - Loading from disk: /assets/ui/cursors/fxgl_default.png
20:08:12.278 [ForkJoinPool.commonPool-worker-1] DEBUG GameScene            - Game scene initialized: 600x600
20:08:12.299 [ForkJoinPool.commonPool-worker-1] DEBUG GameWorld            - Game world initialized
20:08:12.407 [ForkJoinPool.commonPool-worker-1] DEBUG PhysicsWorld         - Physics world initialized: appHeight=600, physics.ppm=50,0
20:08:12.451 [ForkJoinPool.commonPool-worker-1] DEBUG Input                - Registered new binding: Pause - Esc
20:08:12.548 [JavaFX Application Thread] DEBUG FXGL                 - Running preInit()
20:08:12.551 [JavaFX Application Thread] DEBUG Input                - Registered new binding: Screenshot - P
20:08:12.551 [JavaFX Application Thread] DEBUG Input                - Registered new binding: Dev Options - CTRL+0
20:08:12.552 [JavaFX Application Thread] DEBUG Input                - Registered new binding: System info dump - CTRL+9
20:08:12.553 [JavaFX Application Thread] DEBUG Input                - Registered new binding: Restart - CTRL+R
20:08:12.553 [JavaFX Application Thread] DEBUG Input                - Registered new binding: Open/Close Panel - Tab
20:08:12.554 [JavaFX Application Thread] DEBUG Input                - Registered new binding: Move Right - D
20:08:12.554 [JavaFX Application Thread] DEBUG Input                - Registered new binding: Testing - T
20:08:12.554 [JavaFX Application Thread] DEBUG Input                - Registered new binding: NewLevel - N
20:08:12.555 [JavaFX Application Thread] DEBUG Input                - Registered new binding: Retry - R
20:08:12.555 [JavaFX Application Thread] DEBUG Input                - Registered new binding: Move Left - A
20:08:12.555 [JavaFX Application Thread] DEBUG Input                - Registered new binding: Launch - Space
20:08:12.556 [JavaFX Application Thread] INFO  FXGL                 - FXGL initialization took: 1,556 sec
20:08:12.557 [JavaFX Application Thread] DEBUG LoopRunner           - Starting loop
20:08:12.560 [JavaFX Application Thread] DEBUG StartupState         - STARTUP
20:08:12.560 [JavaFX Application Thread] DEBUG GameApplication      - Starting new game
20:08:12.560 [JavaFX Application Thread] DEBUG Input                - Clearing active input actions
20:08:12.562 [JavaFX Application Thread] DEBUG AssetLoader          - Loading from disk: /assets/ui/css/fxgl_dark.css
20:08:12.575 [JavaFX Application Thread] DEBUG AppStateMachine      - StartupState -> LoadingState
20:08:12.589 [FXGL Background Thread 1 ] DEBUG InitAppTask          - Clearing previous game
20:08:12.589 [FXGL Background Thread 1 ] DEBUG GameWorld            - Clearing game world
20:08:12.589 [FXGL Background Thread 1 ] DEBUG PhysicsWorld         - Clearing physics world
20:08:12.589 [FXGL Background Thread 1 ] DEBUG GameScene            - Clearing game scene
20:08:12.592 [FXGL Background Thread 1 ] DEBUG InitAppTask          - Initializing Game
20:08:12.707 [FXGL Background Thread 1 ] DEBUG AssetLoader          - Loading from disk: /assets/textures/bat.png
20:08:12.717 [FXGL Background Thread 1 ] DEBUG AssetLoader          - Loading from disk: /assets/textures/bg.png
20:08:12.750 [FXGL Background Thread 1 ] DEBUG AssetLoader          - Loading from disk: /assets/textures/ball.png
20:08:12.824 [FXGL Background Thread 1 ] DEBUG GameScene            - Creating render group for layer: DEFAULT(100000)
20:08:12.829 [FXGL Background Thread 1 ] DEBUG GameScene            - Creating render group for layer: BACKGROUND(1000)
20:08:12.831 [FXGL Background Thread 1 ] DEBUG InitAppTask          - Initializing Physics
20:08:12.832 [FXGL Background Thread 1 ] DEBUG InitAppTask          - Initializing UI
20:08:12.832 [FXGL Background Thread 1 ] DEBUG InitAppTask          - Initialization Complete
20:08:12.833 [FXGL Background Thread 1 ] INFO  InitAppTask          - Game initialization took: 0,244 sec
20:08:12.840 [JavaFX Application Thread] DEBUG Input                - Clearing active input actions
20:08:12.840 [JavaFX Application Thread] DEBUG AssetLoader          - Loading from disk: /assets/ui/css/fxgl_dark.css
20:08:12.852 [JavaFX Application Thread] DEBUG AppStateMachine      - LoadingState -> PlayState
20:08:14.308 [JavaFX Application Thread] DEBUG AssetLoader          - Loading from disk: /assets/textures/glass.png
20:08:14.316 [JavaFX Application Thread] DEBUG AssetLoader          - Loading from cache: /assets/textures/glass.png@50.0x15.0
20:08:14.322 [JavaFX Application Thread] DEBUG AssetLoader          - Loading from disk: /assets/textures/metal3.png
20:08:14.328 [JavaFX Application Thread] DEBUG AssetLoader          - Loading from cache: /assets/textures/glass.png@50.0x15.0
20:08:14.331 [JavaFX Application Thread] DEBUG AssetLoader          - Loading from disk: /assets/textures/wooden3.png
20:08:14.334 [JavaFX Application Thread] DEBUG AssetLoader          - Loading from cache: /assets/textures/glass.png@50.0x15.0
20:08:14.336 [JavaFX Application Thread] DEBUG AssetLoader          - Loading from cache: /assets/textures/wooden3.png@50.0x15.0
20:08:14.337 [JavaFX Application Thread] DEBUG AssetLoader          - Loading from cache: /assets/textures/wooden3.png@50.0x15.0
20:08:14.339 [JavaFX Application Thread] DEBUG AssetLoader          - Loading from cache: /assets/textures/metal3.png@50.0x15.0
20:08:14.341 [JavaFX Application Thread] DEBUG AssetLoader          - Loading from cache: /assets/textures/metal3.png@50.0x15.0
20:08:14.341 [JavaFX Application Thread] DEBUG AssetLoader          - Loading from cache: /assets/textures/glass.png@50.0x15.0
20:08:14.343 [JavaFX Application Thread] DEBUG AssetLoader          - Loading from cache: /assets/textures/metal3.png@50.0x15.0
20:08:14.345 [JavaFX Application Thread] DEBUG AssetLoader          - Loading from cache: /assets/textures/glass.png@50.0x15.0
20:08:14.347 [JavaFX Application Thread] DEBUG AssetLoader          - Loading from cache: /assets/textures/glass.png@50.0x15.0
20:08:14.349 [JavaFX Application Thread] DEBUG AssetLoader          - Loading from cache: /assets/textures/wooden3.png@50.0x15.0
20:08:14.350 [JavaFX Application Thread] DEBUG AssetLoader          - Loading from cache: /assets/textures/wooden3.png@50.0x15.0
20:08:14.351 [JavaFX Application Thread] DEBUG AssetLoader          - Loading from cache: /assets/textures/wooden3.png@50.0x15.0
20:08:14.352 [JavaFX Application Thread] DEBUG AssetLoader          - Loading from cache: /assets/textures/glass.png@50.0x15.0
20:08:14.353 [JavaFX Application Thread] DEBUG AssetLoader          - Loading from cache: /assets/textures/wooden3.png@50.0x15.0
20:08:14.355 [JavaFX Application Thread] DEBUG AssetLoader          - Loading from cache: /assets/textures/glass.png@50.0x15.0
20:08:14.356 [JavaFX Application Thread] DEBUG AssetLoader          - Loading from cache: /assets/textures/wooden3.png@50.0x15.0
20:08:14.357 [JavaFX Application Thread] DEBUG AssetLoader          - Loading from cache: /assets/textures/wooden3.png@50.0x15.0
20:08:14.358 [JavaFX Application Thread] DEBUG AssetLoader          - Loading from cache: /assets/textures/glass.png@50.0x15.0
20:08:14.359 [JavaFX Application Thread] DEBUG AssetLoader          - Loading from cache: /assets/textures/metal3.png@50.0x15.0
20:08:14.360 [JavaFX Application Thread] DEBUG AssetLoader          - Loading from cache: /assets/textures/metal3.png@50.0x15.0
20:08:14.361 [JavaFX Application Thread] DEBUG AssetLoader          - Loading from cache: /assets/textures/wooden3.png@50.0x15.0
20:12:03.471 [JavaFX Application Thread] DEBUG AssetLoader          - Loading from disk: /assets/textures/wooden2.png
20:12:06.104 [JavaFX Application Thread] DEBUG AssetLoader          - Loading from cache: /assets/sounds/wood.wav
20:12:06.105 [JavaFX Application Thread] DEBUG AssetLoader          - Loading from cache: /assets/textures/wooden2.png
20:12:09.081 [JavaFX Application Thread] DEBUG AssetLoader          - Loading from cache: /assets/sounds/glass.wav
20:12:09.088 [JavaFX Application Thread] DEBUG AssetLoader          - Loading from cache: /assets/sounds/destroyed.wav
20:12:09.240 [JavaFX Application Thread] DEBUG AssetLoader          - Loading from cache: /assets/sounds/glass.wav
20:12:09.243 [JavaFX Application Thread] DEBUG AssetLoader          - Loading from cache: /assets/sounds/destroyed.wav
20:12:09.272 [JavaFX Application Thread] DEBUG AssetLoader          - Loading from cache: /assets/sounds/glass.wav
20:12:09.274 [JavaFX Application Thread] DEBUG AssetLoader          - Loading from cache: /assets/sounds/destroyed.wav
20:12:12.329 [JavaFX Application Thread] DEBUG AssetLoader          - Loading from cache: /assets/sounds/wood.wav
20:12:12.329 [JavaFX Application Thread] DEBUG AssetLoader          - Loading from disk: /assets/textures/wooden1.png
20:12:12.331 [JavaFX Application Thread] DEBUG AssetLoader          - Loading from cache: /assets/sounds/wood.wav
20:12:12.331 [JavaFX Application Thread] DEBUG AssetLoader          - Loading from cache: /assets/textures/wooden2.png
20:12:14.953 [JavaFX Application Thread] DEBUG AssetLoader          - Loading from cache: /assets/sounds/wood.wav
20:12:14.953 [JavaFX Application Thread] DEBUG AssetLoader          - Loading from cache: /assets/textures/wooden1.png
20:12:15.065 [JavaFX Application Thread] DEBUG AssetLoader          - Loading from cache: /assets/sounds/wood.wav
20:12:15.065 [JavaFX Application Thread] DEBUG AssetLoader          - Loading from cache: /assets/textures/wooden2.png
20:12:15.080 [JavaFX Application Thread] DEBUG AssetLoader          - Loading from cache: /assets/sounds/wood.wav
20:12:15.081 [JavaFX Application Thread] DEBUG AssetLoader          - Loading from cache: /assets/textures/wooden2.png
20:12:21.001 [JavaFX Application Thread] DEBUG AssetLoader          - Loading from cache: /assets/sounds/wood.wav
20:12:21.007 [JavaFX Application Thread] DEBUG AssetLoader          - Loading from cache: /assets/sounds/destroyed.wav
20:12:23.640 [JavaFX Application Thread] DEBUG AssetLoader          - Loading from cache: /assets/sounds/wood.wav
20:12:23.645 [JavaFX Application Thread] DEBUG AssetLoader          - Loading from cache: /assets/sounds/destroyed.wav
20:12:26.344 [JavaFX Application Thread] DEBUG AssetLoader          - Loading from cache: /assets/sounds/wood.wav
20:12:26.345 [JavaFX Application Thread] DEBUG AssetLoader          - Loading from cache: /assets/textures/wooden2.png
20:12:26.969 [JavaFX Application Thread] DEBUG AssetLoader          - Loading from cache: /assets/sounds/wood.wav
20:12:26.970 [JavaFX Application Thread] DEBUG AssetLoader          - Loading from cache: /assets/textures/wooden1.png
20:12:29.736 [JavaFX Application Thread] DEBUG AssetLoader          - Loading from cache: /assets/sounds/wood.wav
20:12:29.736 [JavaFX Application Thread] DEBUG AssetLoader          - Loading from cache: /assets/textures/wooden1.png
20:12:29.832 [JavaFX Application Thread] DEBUG AssetLoader          - Loading from cache: /assets/sounds/wood.wav
20:12:29.833 [JavaFX Application Thread] DEBUG AssetLoader          - Loading from cache: /assets/textures/wooden1.png
20:12:29.833 [JavaFX Application Thread] DEBUG AssetLoader          - Loading from cache: /assets/sounds/wood.wav
20:12:29.833 [JavaFX Application Thread] DEBUG AssetLoader          - Loading from cache: /assets/textures/wooden1.png
20:12:32.872 [JavaFX Application Thread] DEBUG AssetLoader          - Loading from cache: /assets/sounds/metal.wav
20:12:32.969 [JavaFX Application Thread] DEBUG AssetLoader          - Loading from cache: /assets/sounds/metal.wav
20:12:33.048 [JavaFX Application Thread] DEBUG AssetLoader          - Loading from cache: /assets/sounds/glass.wav
20:12:33.049 [JavaFX Application Thread] DEBUG AssetLoader          - Loading from cache: /assets/sounds/destroyed.wav
20:12:33.049 [JavaFX Application Thread] DEBUG AssetLoader          - Loading from disk: /assets/textures/metal2.png
20:12:33.052 [JavaFX Application Thread] DEBUG AssetLoader          - Loading from cache: /assets/sounds/metal.wav
20:12:33.192 [JavaFX Application Thread] DEBUG AssetLoader          - Loading from cache: /assets/sounds/wood.wav
20:12:33.193 [JavaFX Application Thread] DEBUG AssetLoader          - Loading from cache: /assets/textures/wooden2.png
20:12:33.256 [JavaFX Application Thread] DEBUG AssetLoader          - Loading from cache: /assets/sounds/glass.wav
20:12:33.258 [JavaFX Application Thread] DEBUG AssetLoader          - Loading from cache: /assets/sounds/destroyed.wav
20:12:33.304 [JavaFX Application Thread] DEBUG AssetLoader          - Loading from cache: /assets/sounds/metal.wav
20:12:33.449 [JavaFX Application Thread] DEBUG AssetLoader          - Loading from cache: /assets/sounds/wood.wav
20:12:33.450 [JavaFX Application Thread] DEBUG AssetLoader          - Loading from cache: /assets/textures/wooden1.png
20:12:33.545 [JavaFX Application Thread] DEBUG AssetLoader          - Loading from cache: /assets/sounds/wood.wav
20:12:33.550 [JavaFX Application Thread] DEBUG AssetLoader          - Loading from cache: /assets/sounds/destroyed.wav
20:12:33.640 [JavaFX Application Thread] DEBUG AssetLoader          - Loading from cache: /assets/sounds/glass.wav
20:12:33.641 [JavaFX Application Thread] DEBUG AssetLoader          - Loading from cache: /assets/sounds/destroyed.wav
20:12:33.753 [JavaFX Application Thread] DEBUG AssetLoader          - Loading from cache: /assets/sounds/wood.wav
20:12:33.753 [JavaFX Application Thread] DEBUG AssetLoader          - Loading from cache: /assets/textures/wooden2.png
20:12:33.816 [JavaFX Application Thread] DEBUG AssetLoader          - Loading from cache: /assets/sounds/wood.wav
20:12:33.816 [JavaFX Application Thread] DEBUG AssetLoader          - Loading from cache: /assets/textures/wooden2.png
20:12:34.201 [JavaFX Application Thread] DEBUG AssetLoader          - Loading from cache: /assets/sounds/glass.wav
20:12:34.202 [JavaFX Application Thread] DEBUG AssetLoader          - Loading from cache: /assets/sounds/destroyed.wav
20:12:34.219 [JavaFX Application Thread] DEBUG AssetLoader          - Loading from cache: /assets/sounds/metal.wav
20:12:34.297 [JavaFX Application Thread] DEBUG AssetLoader          - Loading from cache: /assets/sounds/wood.wav
20:12:34.297 [JavaFX Application Thread] DEBUG AssetLoader          - Loading from cache: /assets/textures/wooden2.png
20:12:34.520 [JavaFX Application Thread] DEBUG AssetLoader          - Loading from cache: /assets/sounds/metal.wav
20:12:34.600 [JavaFX Application Thread] DEBUG AssetLoader          - Loading from cache: /assets/sounds/metal.wav
20:12:34.808 [JavaFX Application Thread] DEBUG AssetLoader          - Loading from cache: /assets/sounds/metal.wav
20:12:37.816 [JavaFX Application Thread] DEBUG AssetLoader          - Loading from cache: /assets/sounds/wood.wav
20:12:37.817 [JavaFX Application Thread] DEBUG AssetLoader          - Loading from cache: /assets/sounds/destroyed.wav
20:12:39.417 [JavaFX Application Thread] DEBUG AssetLoader          - Loading from cache: /assets/textures/ball.png@15.0x15.0
20:12:41.368 [JavaFX Application Thread] DEBUG AssetLoader          - Loading from cache: /assets/sounds/glass.wav
20:12:41.372 [JavaFX Application Thread] DEBUG AssetLoader          - Loading from cache: /assets/sounds/destroyed.wav
20:12:43.992 [JavaFX Application Thread] DEBUG AssetLoader          - Loading from cache: /assets/sounds/metal.wav
20:12:43.992 [JavaFX Application Thread] DEBUG AssetLoader          - Loading from cache: /assets/sounds/glass.wav
20:12:43.994 [JavaFX Application Thread] DEBUG AssetLoader          - Loading from cache: /assets/sounds/destroyed.wav
20:12:45.612 [JavaFX Application Thread] DEBUG AssetLoader          - Loading from cache: /assets/textures/ball.png@15.0x15.0
20:12:47.449 [JavaFX Application Thread] DEBUG AssetLoader          - Loading from cache: /assets/sounds/wood.wav
20:12:47.449 [JavaFX Application Thread] DEBUG AssetLoader          - Loading from cache: /assets/textures/wooden1.png
20:12:50.297 [JavaFX Application Thread] DEBUG AssetLoader          - Loading from cache: /assets/sounds/metal.wav
20:12:53.032 [JavaFX Application Thread] DEBUG AssetLoader          - Loading from cache: /assets/sounds/metal.wav
20:12:55.577 [JavaFX Application Thread] DEBUG AssetLoader          - Loading from cache: /assets/textures/metal2.png
20:12:55.579 [JavaFX Application Thread] DEBUG AssetLoader          - Loading from cache: /assets/sounds/metal.wav
20:12:58.392 [JavaFX Application Thread] DEBUG AssetLoader          - Loading from cache: /assets/sounds/metal.wav
20:12:58.568 [JavaFX Application Thread] DEBUG AssetLoader          - Loading from cache: /assets/textures/metal2.png
20:12:58.569 [JavaFX Application Thread] DEBUG AssetLoader          - Loading from cache: /assets/sounds/metal.wav
20:12:59.989 [JavaFX Application Thread] DEBUG AssetLoader          - Loading from cache: /assets/ui/fonts/VarelaRound-Regular.ttf
20:12:59.990 [JavaFX Application Thread] DEBUG AssetLoader          - Loading from cache: /assets/ui/fonts/VarelaRound-Regular.ttf
20:12:59.990 [JavaFX Application Thread] DEBUG AssetLoader          - Loading from cache: /assets/ui/fonts/VarelaRound-Regular.ttf
20:12:59.990 [JavaFX Application Thread] DEBUG AssetLoader          - Loading from cache: /assets/ui/fonts/VarelaRound-Regular.ttf
20:12:59.990 [JavaFX Application Thread] DEBUG AssetLoader          - Loading from cache: /assets/ui/fonts/VarelaRound-Regular.ttf
20:13:00.407 [JavaFX Application Thread] DEBUG AssetLoader          - Loading from cache: /assets/ui/fonts/VarelaRound-Regular.ttf
20:13:00.408 [JavaFX Application Thread] DEBUG AssetLoader          - Loading from cache: /assets/ui/fonts/VarelaRound-Regular.ttf
20:13:00.409 [JavaFX Application Thread] DEBUG AssetLoader          - Loading from cache: /assets/ui/fonts/VarelaRound-Regular.ttf
20:13:00.409 [JavaFX Application Thread] DEBUG AssetLoader          - Loading from cache: /assets/ui/fonts/VarelaRound-Regular.ttf
20:13:00.410 [JavaFX Application Thread] DEBUG AssetLoader          - Loading from cache: /assets/ui/fonts/VarelaRound-Regular.ttf
20:13:00.740 [JavaFX Application Thread] DEBUG AssetLoader          - Loading from cache: /assets/ui/fonts/VarelaRound-Regular.ttf
20:13:00.741 [JavaFX Application Thread] DEBUG AssetLoader          - Loading from cache: /assets/ui/fonts/VarelaRound-Regular.ttf
20:13:00.741 [JavaFX Application Thread] DEBUG AssetLoader          - Loading from cache: /assets/ui/fonts/VarelaRound-Regular.ttf
20:13:00.742 [JavaFX Application Thread] DEBUG AssetLoader          - Loading from cache: /assets/ui/fonts/VarelaRound-Regular.ttf
20:13:00.742 [JavaFX Application Thread] DEBUG AssetLoader          - Loading from cache: /assets/ui/fonts/VarelaRound-Regular.ttf
20:13:01.124 [JavaFX Application Thread] DEBUG AssetLoader          - Loading from cache: /assets/ui/fonts/VarelaRound-Regular.ttf
20:13:01.124 [JavaFX Application Thread] DEBUG AssetLoader          - Loading from cache: /assets/ui/fonts/VarelaRound-Regular.ttf
20:13:01.124 [JavaFX Application Thread] DEBUG AssetLoader          - Loading from cache: /assets/ui/fonts/VarelaRound-Regular.ttf
20:13:01.124 [JavaFX Application Thread] DEBUG AssetLoader          - Loading from cache: /assets/ui/fonts/VarelaRound-Regular.ttf
20:13:01.124 [JavaFX Application Thread] DEBUG AssetLoader          - Loading from cache: /assets/ui/fonts/VarelaRound-Regular.ttf
20:13:01.352 [JavaFX Application Thread] DEBUG AssetLoader          - Loading from cache: /assets/sounds/metal.wav
20:13:02.970 [JavaFX Application Thread] DEBUG AssetLoader          - Loading from disk: /assets/textures/GO.png
20:13:02.990 [JavaFX Application Thread] DEBUG AssetLoader          - Loading from disk: /assets/textures/retry.png
20:46:09.683 [JavaFX Application Thread] DEBUG FXGL                 - Exiting FXGL
20:46:09.684 [JavaFX Application Thread] DEBUG FXGL                 - Shutting down background threads
20:46:09.684 [JavaFX Application Thread] DEBUG FXGL                 - Saving FXGL system data
20:46:09.692 [JavaFX Application Thread] DEBUG DesktopFSService     - Writing to: system\fxgl.bundle
20:46:09.698 [JavaFX Application Thread] DEBUG FXGL                 - Closing logger and exiting JavaFX
