19:59:35.633 [JavaFX Application Thread] DEBUG GameApplication      - Logger initialized
19:59:35.664 [JavaFX Application Thread] DEBUG GameApplication      - Logging settings
Title: CC302-Breakout
Version: 1.0
Width: 600
Height: 600
Fullscreen: false
Intro: false
Menus: false
Profiling: false
Single step:false
App Mode: DEVELOPER
Menu Key: ESCAPE
Stage Style: DECORATED
Scene Factory: class com.almasb.fxgl.scene.SceneFactory
Dialog Factory: class com.almasb.fxgl.ui.FXGLDialogFactory
UI Factory: class com.almasb.fxgl.ui.FXGLUIFactory
Notification Service: class com.almasb.fxgl.gameplay.notification.XboxNotificationView
Exception Handler: class com.almasb.fxgl.app.FXGLExceptionHandler
19:59:35.664 [JavaFX Application Thread] DEBUG GameApplication      - Starting FXGL
19:59:35.678 [JavaFX Application Thread] INFO  FXGL                 - FXGL-0.5.4 on DESKTOP
19:59:35.682 [JavaFX Application Thread] INFO  FXGL                 - Source code and latest versions at: https://github.com/AlmasB/FXGL
19:59:35.683 [JavaFX Application Thread] INFO  FXGL                 -              Join the FXGL chat at: https://gitter.im/AlmasB/FXGL
19:59:35.683 [JavaFX Application Thread] DEBUG FXGL                 - FXGL started
19:59:35.684 [JavaFX Application Thread] DEBUG FXGL                 - Initializing FXGL
19:59:35.757 [JavaFX Application Thread] DEBUG AssetLoader          - Loading from disk: /assets/ui/cursors/fxgl_default.png
19:59:35.837 [JavaFX Application Thread] DEBUG AssetLoader          - Loading from disk: /assets/ui/fonts/VarelaRound-Regular.ttf
19:59:36.048 [JavaFX Application Thread] DEBUG MainWindow           - Creating a JavaFX scene
19:59:36.127 [JavaFX Application Thread] DEBUG MainWindow           - Target settings size: 600.0 x 600.0
19:59:36.127 [JavaFX Application Thread] DEBUG MainWindow           - Scaled scene size:    600.0 x 600.0
19:59:36.127 [JavaFX Application Thread] DEBUG MainWindow           - Scaled ratio: (1.0, 1.0)
19:59:36.134 [JavaFX Application Thread] DEBUG AssetLoader          - Loading from disk: /assets/ui/css/fxgl_dark.css
19:59:36.146 [JavaFX Application Thread] DEBUG AssetLoader          - Loading from disk: /assets/textures/icon.png
19:59:36.177 [JavaFX Application Thread] DEBUG MainWindow           - Opening main window
19:59:36.567 [JavaFX Application Thread] DEBUG MainWindow           - Window border size: (4.0, 26.66668701171875)
19:59:36.567 [JavaFX Application Thread] DEBUG MainWindow           - Scaled size: 600.0 x 600.0
19:59:36.568 [JavaFX Application Thread] DEBUG MainWindow           - Scaled ratio: (1.0, 1.0)
19:59:36.568 [JavaFX Application Thread] DEBUG MainWindow           - Scene size: 600.0 x 600.0
19:59:36.569 [JavaFX Application Thread] DEBUG MainWindow           - Stage size: 604.0 x 626.6666870117188
19:59:36.745 [ForkJoinPool.commonPool-worker-1] DEBUG FS                   - Loaded DesktopFSService
19:59:36.746 [ForkJoinPool.commonPool-worker-1] DEBUG FXGL                 - Loading FXGL system data
19:59:36.758 [ForkJoinPool.commonPool-worker-1] DEBUG DesktopFSService     - Reading from: system\fxgl.bundle
19:59:36.775 [ForkJoinPool.commonPool-worker-1] DEBUG Bundle               - Logging bundle: FXGL
19:59:36.777 [ForkJoinPool.commonPool-worker-1] DEBUG Bundle               - FXGL.offline.timer.version.check=2018-12-21T15:32:12.413
19:59:36.778 [ForkJoinPool.commonPool-worker-1] DEBUG FXGL                 - Initializing state machine and application states
19:59:36.780 [ForkJoinPool.commonPool-worker-1] DEBUG AssetLoader          - Loading from disk: /assets/ui/cursors/fxgl_default.png
19:59:36.790 [ForkJoinPool.commonPool-worker-1] DEBUG AssetLoader          - Loading from disk: /assets/ui/cursors/fxgl_default.png
19:59:36.799 [ForkJoinPool.commonPool-worker-1] DEBUG AssetLoader          - Loading from cache: /assets/ui/fonts/VarelaRound-Regular.ttf
19:59:36.807 [ForkJoinPool.commonPool-worker-1] DEBUG AssetLoader          - Loading from disk: /assets/ui/cursors/fxgl_default.png
19:59:36.836 [ForkJoinPool.commonPool-worker-1] DEBUG GameScene            - Game scene initialized: 600x600
19:59:36.848 [ForkJoinPool.commonPool-worker-1] DEBUG GameWorld            - Game world initialized
19:59:36.965 [ForkJoinPool.commonPool-worker-1] DEBUG PhysicsWorld         - Physics world initialized: appHeight=600, physics.ppm=50,0
19:59:37.016 [ForkJoinPool.commonPool-worker-1] DEBUG Input                - Registered new binding: Pause - Esc
19:59:37.109 [JavaFX Application Thread] DEBUG FXGL                 - Running preInit()
19:59:37.111 [JavaFX Application Thread] DEBUG Input                - Registered new binding: Screenshot - P
19:59:37.112 [JavaFX Application Thread] DEBUG Input                - Registered new binding: Dev Options - CTRL+0
19:59:37.113 [JavaFX Application Thread] DEBUG Input                - Registered new binding: System info dump - CTRL+9
19:59:37.113 [JavaFX Application Thread] DEBUG Input                - Registered new binding: Restart - CTRL+R
19:59:37.114 [JavaFX Application Thread] DEBUG Input                - Registered new binding: Open/Close Panel - Tab
19:59:37.114 [JavaFX Application Thread] DEBUG Input                - Registered new binding: Move Right - D
19:59:37.114 [JavaFX Application Thread] DEBUG Input                - Registered new binding: Testing - T
19:59:37.115 [JavaFX Application Thread] DEBUG Input                - Registered new binding: NewLevel - N
19:59:37.115 [JavaFX Application Thread] DEBUG Input                - Registered new binding: Retry - R
19:59:37.115 [JavaFX Application Thread] DEBUG Input                - Registered new binding: Move Left - A
19:59:37.115 [JavaFX Application Thread] DEBUG Input                - Registered new binding: Launch - Space
19:59:37.117 [JavaFX Application Thread] INFO  FXGL                 - FXGL initialization took: 1,432 sec
19:59:37.118 [JavaFX Application Thread] DEBUG LoopRunner           - Starting loop
19:59:37.122 [JavaFX Application Thread] DEBUG StartupState         - STARTUP
19:59:37.122 [JavaFX Application Thread] DEBUG GameApplication      - Starting new game
19:59:37.122 [JavaFX Application Thread] DEBUG Input                - Clearing active input actions
19:59:37.124 [JavaFX Application Thread] DEBUG AssetLoader          - Loading from disk: /assets/ui/css/fxgl_dark.css
19:59:37.135 [JavaFX Application Thread] DEBUG AppStateMachine      - StartupState -> LoadingState
19:59:37.230 [FXGL Background Thread 1 ] DEBUG InitAppTask          - Clearing previous game
19:59:37.230 [FXGL Background Thread 1 ] DEBUG GameWorld            - Clearing game world
19:59:37.231 [FXGL Background Thread 1 ] DEBUG PhysicsWorld         - Clearing physics world
19:59:37.231 [FXGL Background Thread 1 ] DEBUG GameScene            - Clearing game scene
19:59:37.233 [FXGL Background Thread 1 ] DEBUG InitAppTask          - Initializing Game
19:59:37.344 [FXGL Background Thread 1 ] DEBUG AssetLoader          - Loading from disk: /assets/textures/bat.png
19:59:37.355 [FXGL Background Thread 1 ] DEBUG AssetLoader          - Loading from disk: /assets/textures/bg.png
19:59:37.378 [FXGL Background Thread 1 ] DEBUG AssetLoader          - Loading from disk: /assets/textures/ball.png
19:59:37.454 [FXGL Background Thread 1 ] DEBUG GameScene            - Creating render group for layer: DEFAULT(100000)
19:59:37.516 [FXGL Background Thread 1 ] DEBUG GameScene            - Creating render group for layer: BACKGROUND(1000)
19:59:37.517 [FXGL Background Thread 1 ] DEBUG InitAppTask          - Initializing Physics
19:59:37.519 [FXGL Background Thread 1 ] DEBUG InitAppTask          - Initializing UI
19:59:37.519 [FXGL Background Thread 1 ] DEBUG InitAppTask          - Initialization Complete
19:59:37.519 [FXGL Background Thread 1 ] INFO  InitAppTask          - Game initialization took: 0,289 sec
19:59:37.523 [JavaFX Application Thread] DEBUG Input                - Clearing active input actions
19:59:37.523 [JavaFX Application Thread] DEBUG AssetLoader          - Loading from disk: /assets/ui/css/fxgl_dark.css
19:59:37.534 [JavaFX Application Thread] DEBUG AppStateMachine      - LoadingState -> PlayState
19:59:57.863 [JavaFX Application Thread] DEBUG Input                - Registered new binding: Resume - Esc
19:59:57.863 [JavaFX Application Thread] DEBUG AssetLoader          - Loading from disk: /assets/textures/pause_menu_bg.png
19:59:57.875 [JavaFX Application Thread] DEBUG AssetLoader          - Loading from disk: /assets/properties/languages/english.properties
19:59:57.877 [JavaFX Application Thread] DEBUG AssetLoader          - Loading from cache: /assets/ui/fonts/VarelaRound-Regular.ttf
19:59:57.881 [JavaFX Application Thread] DEBUG AssetLoader          - Loading from cache: /assets/properties/languages/english.properties
19:59:57.881 [JavaFX Application Thread] DEBUG AssetLoader          - Loading from cache: /assets/ui/fonts/VarelaRound-Regular.ttf
20:04:53.041 [JavaFX Application Thread] DEBUG LoopRunner           - Pausing loop
20:06:25.560 [JavaFX Application Thread] DEBUG LoopRunner           - Resuming loop
20:06:27.068 [JavaFX Application Thread] DEBUG FXGL                 - Exiting FXGL
20:06:27.068 [JavaFX Application Thread] DEBUG FXGL                 - Shutting down background threads
20:06:27.069 [JavaFX Application Thread] DEBUG FXGL                 - Saving FXGL system data
20:06:27.087 [JavaFX Application Thread] DEBUG DesktopFSService     - Writing to: system\fxgl.bundle
20:06:27.092 [JavaFX Application Thread] DEBUG FXGL                 - Closing logger and exiting JavaFX
