17:45:01.892 [JavaFX Application Thread] DEBUG GameApplication      - Logger initialized
17:45:01.914 [JavaFX Application Thread] DEBUG GameApplication      - Logging settings
Title: CC302-Breakout
Version: 0.1
Width: 600
Height: 600
Fullscreen: false
Intro: false
Menus: false
Profiling: false
Single step:false
App Mode: DEVELOPER
Menu Key: ESCAPE
Stage Style: DECORATED
Scene Factory: class com.almasb.fxgl.scene.SceneFactory
Dialog Factory: class com.almasb.fxgl.ui.FXGLDialogFactory
UI Factory: class com.almasb.fxgl.ui.FXGLUIFactory
Notification Service: class com.almasb.fxgl.gameplay.notification.XboxNotificationView
Exception Handler: class com.almasb.fxgl.app.FXGLExceptionHandler
17:45:01.914 [JavaFX Application Thread] DEBUG GameApplication      - Starting FXGL
17:45:01.929 [JavaFX Application Thread] INFO  FXGL                 - FXGL-0.5.4 on DESKTOP
17:45:01.930 [JavaFX Application Thread] INFO  FXGL                 - Source code and latest versions at: https://github.com/AlmasB/FXGL
17:45:01.930 [JavaFX Application Thread] INFO  FXGL                 -              Join the FXGL chat at: https://gitter.im/AlmasB/FXGL
17:45:01.930 [JavaFX Application Thread] DEBUG FXGL                 - FXGL started
17:45:01.931 [JavaFX Application Thread] DEBUG FXGL                 - Initializing FXGL
17:45:01.992 [JavaFX Application Thread] DEBUG AssetLoader          - Loading from disk: /assets/ui/cursors/fxgl_default.png
17:45:02.053 [JavaFX Application Thread] DEBUG AssetLoader          - Loading from disk: /assets/ui/fonts/VarelaRound-Regular.ttf
17:45:02.258 [JavaFX Application Thread] DEBUG MainWindow           - Creating a JavaFX scene
17:45:02.355 [JavaFX Application Thread] DEBUG MainWindow           - Target settings size: 600.0 x 600.0
17:45:02.355 [JavaFX Application Thread] DEBUG MainWindow           - Scaled scene size:    600.0 x 600.0
17:45:02.357 [JavaFX Application Thread] DEBUG MainWindow           - Scaled ratio: (1.0, 1.0)
17:45:02.362 [JavaFX Application Thread] DEBUG AssetLoader          - Loading from disk: /assets/ui/css/fxgl_dark.css
17:45:02.395 [JavaFX Application Thread] DEBUG AssetLoader          - Loading from disk: /assets/textures/fxgl_icon.png
17:45:02.442 [JavaFX Application Thread] DEBUG MainWindow           - Opening main window
17:45:02.870 [JavaFX Application Thread] DEBUG MainWindow           - Window border size: (4.0, 26.66668701171875)
17:45:02.870 [JavaFX Application Thread] DEBUG MainWindow           - Scaled size: 600.0 x 600.0
17:45:02.870 [JavaFX Application Thread] DEBUG MainWindow           - Scaled ratio: (1.0, 1.0)
17:45:02.871 [JavaFX Application Thread] DEBUG MainWindow           - Scene size: 600.0 x 600.0
17:45:02.871 [JavaFX Application Thread] DEBUG MainWindow           - Stage size: 604.0 x 626.6666870117188
17:45:03.074 [ForkJoinPool.commonPool-worker-1] DEBUG FS                   - Loaded DesktopFSService
17:45:03.077 [ForkJoinPool.commonPool-worker-1] DEBUG FXGL                 - Loading FXGL system data
17:45:03.088 [ForkJoinPool.commonPool-worker-1] DEBUG DesktopFSService     - Reading from: system\fxgl.bundle
17:45:03.108 [ForkJoinPool.commonPool-worker-1] DEBUG Bundle               - Logging bundle: FXGL
17:45:03.112 [ForkJoinPool.commonPool-worker-1] DEBUG Bundle               - FXGL.offline.timer.version.check=2018-12-21T15:32:12.413
17:45:03.113 [ForkJoinPool.commonPool-worker-1] DEBUG FXGL                 - Initializing state machine and application states
17:45:03.116 [ForkJoinPool.commonPool-worker-1] DEBUG AssetLoader          - Loading from disk: /assets/ui/cursors/fxgl_default.png
17:45:03.124 [ForkJoinPool.commonPool-worker-1] DEBUG AssetLoader          - Loading from disk: /assets/ui/cursors/fxgl_default.png
17:45:03.139 [ForkJoinPool.commonPool-worker-1] DEBUG AssetLoader          - Loading from cache: /assets/ui/fonts/VarelaRound-Regular.ttf
17:45:03.147 [ForkJoinPool.commonPool-worker-1] DEBUG AssetLoader          - Loading from disk: /assets/ui/cursors/fxgl_default.png
17:45:03.159 [ForkJoinPool.commonPool-worker-1] DEBUG GameScene            - Game scene initialized: 600x600
17:45:03.201 [ForkJoinPool.commonPool-worker-1] DEBUG GameWorld            - Game world initialized
17:45:03.317 [ForkJoinPool.commonPool-worker-1] DEBUG PhysicsWorld         - Physics world initialized: appHeight=600, physics.ppm=50,0
17:45:03.355 [ForkJoinPool.commonPool-worker-1] DEBUG Input                - Registered new binding: Pause - Esc
17:45:03.482 [JavaFX Application Thread] DEBUG FXGL                 - Running preInit()
17:45:03.485 [JavaFX Application Thread] DEBUG Input                - Registered new binding: Screenshot - P
17:45:03.486 [JavaFX Application Thread] DEBUG Input                - Registered new binding: Dev Options - CTRL+0
17:45:03.487 [JavaFX Application Thread] DEBUG Input                - Registered new binding: System info dump - CTRL+9
17:45:03.487 [JavaFX Application Thread] DEBUG Input                - Registered new binding: Restart - CTRL+R
17:45:03.488 [JavaFX Application Thread] DEBUG Input                - Registered new binding: Open/Close Panel - Tab
17:45:03.488 [JavaFX Application Thread] DEBUG Input                - Registered new binding: Move Right - D
17:45:03.488 [JavaFX Application Thread] DEBUG Input                - Registered new binding: Testing - T
17:45:03.489 [JavaFX Application Thread] DEBUG Input                - Registered new binding: NewLevel - N
17:45:03.489 [JavaFX Application Thread] DEBUG Input                - Registered new binding: Retry - R
17:45:03.489 [JavaFX Application Thread] DEBUG Input                - Registered new binding: Move Left - A
17:45:03.490 [JavaFX Application Thread] DEBUG Input                - Registered new binding: Launch - Space
17:45:03.491 [JavaFX Application Thread] INFO  FXGL                 - FXGL initialization took: 1,560 sec
17:45:03.492 [JavaFX Application Thread] DEBUG LoopRunner           - Starting loop
17:45:03.496 [JavaFX Application Thread] DEBUG StartupState         - STARTUP
17:45:03.496 [JavaFX Application Thread] DEBUG GameApplication      - Starting new game
17:45:03.496 [JavaFX Application Thread] DEBUG Input                - Clearing active input actions
17:45:03.498 [JavaFX Application Thread] DEBUG AssetLoader          - Loading from disk: /assets/ui/css/fxgl_dark.css
17:45:03.510 [JavaFX Application Thread] DEBUG AppStateMachine      - StartupState -> LoadingState
17:45:03.518 [FXGL Background Thread 1 ] DEBUG InitAppTask          - Clearing previous game
17:45:03.518 [FXGL Background Thread 1 ] DEBUG GameWorld            - Clearing game world
17:45:03.519 [FXGL Background Thread 1 ] DEBUG PhysicsWorld         - Clearing physics world
17:45:03.519 [FXGL Background Thread 1 ] DEBUG GameScene            - Clearing game scene
17:45:03.521 [FXGL Background Thread 1 ] DEBUG InitAppTask          - Initializing Game
17:45:03.604 [FXGL Background Thread 1 ] DEBUG AssetLoader          - Loading from disk: /assets/textures/bat.png
17:45:03.646 [FXGL Background Thread 1 ] DEBUG AssetLoader          - Loading from disk: /assets/textures/bg.png
17:45:03.682 [FXGL Background Thread 1 ] DEBUG AssetLoader          - Loading from disk: /assets/textures/ball.png
17:45:03.760 [FXGL Background Thread 1 ] DEBUG GameScene            - Creating render group for layer: DEFAULT(100000)
17:45:03.765 [FXGL Background Thread 1 ] DEBUG GameScene            - Creating render group for layer: BACKGROUND(1000)
17:45:03.772 [FXGL Background Thread 1 ] DEBUG InitAppTask          - Initializing Physics
17:45:03.776 [FXGL Background Thread 1 ] DEBUG InitAppTask          - Initializing UI
17:45:03.776 [FXGL Background Thread 1 ] DEBUG InitAppTask          - Initialization Complete
17:45:03.777 [FXGL Background Thread 1 ] INFO  InitAppTask          - Game initialization took: 0,259 sec
17:45:03.780 [JavaFX Application Thread] DEBUG Input                - Clearing active input actions
17:45:03.781 [JavaFX Application Thread] DEBUG AssetLoader          - Loading from disk: /assets/ui/css/fxgl_dark.css
17:45:03.792 [JavaFX Application Thread] DEBUG AppStateMachine      - LoadingState -> PlayState
17:45:07.523 [JavaFX Application Thread] DEBUG AssetLoader          - Loading from disk: /assets/textures/glass.png
17:45:11.840 [JavaFX Application Thread] DEBUG LoopRunner           - Pausing loop
17:46:04.218 [JavaFX Application Thread] DEBUG LoopRunner           - Resuming loop
17:46:05.181 [JavaFX Application Thread] DEBUG FXGL                 - Exiting FXGL
17:46:05.181 [JavaFX Application Thread] DEBUG FXGL                 - Shutting down background threads
17:46:05.182 [JavaFX Application Thread] DEBUG FXGL                 - Saving FXGL system data
17:46:05.186 [JavaFX Application Thread] DEBUG DesktopFSService     - Writing to: system\fxgl.bundle
17:46:05.192 [JavaFX Application Thread] DEBUG FXGL                 - Closing logger and exiting JavaFX
