17:37:45.299 [JavaFX Application Thread] DEBUG GameApplication      - Logger initialized
17:37:45.325 [JavaFX Application Thread] DEBUG GameApplication      - Logging settings
Title: CC302-Breakout
Version: 0.1
Width: 600
Height: 600
Fullscreen: false
Intro: false
Menus: false
Profiling: false
Single step:false
App Mode: DEVELOPER
Menu Key: ESCAPE
Stage Style: DECORATED
Scene Factory: class com.almasb.fxgl.scene.SceneFactory
Dialog Factory: class com.almasb.fxgl.ui.FXGLDialogFactory
UI Factory: class com.almasb.fxgl.ui.FXGLUIFactory
Notification Service: class com.almasb.fxgl.gameplay.notification.XboxNotificationView
Exception Handler: class com.almasb.fxgl.app.FXGLExceptionHandler
17:37:45.325 [JavaFX Application Thread] DEBUG GameApplication      - Starting FXGL
17:37:45.341 [JavaFX Application Thread] INFO  FXGL                 - FXGL-0.5.4 on DESKTOP
17:37:45.342 [JavaFX Application Thread] INFO  FXGL                 - Source code and latest versions at: https://github.com/AlmasB/FXGL
17:37:45.342 [JavaFX Application Thread] INFO  FXGL                 -              Join the FXGL chat at: https://gitter.im/AlmasB/FXGL
17:37:45.343 [JavaFX Application Thread] DEBUG FXGL                 - FXGL started
17:37:45.343 [JavaFX Application Thread] DEBUG FXGL                 - Initializing FXGL
17:37:45.434 [JavaFX Application Thread] DEBUG AssetLoader          - Loading from disk: /assets/ui/cursors/fxgl_default.png
17:37:45.519 [JavaFX Application Thread] DEBUG AssetLoader          - Loading from disk: /assets/ui/fonts/VarelaRound-Regular.ttf
17:37:45.724 [JavaFX Application Thread] DEBUG MainWindow           - Creating a JavaFX scene
17:37:45.819 [JavaFX Application Thread] DEBUG MainWindow           - Target settings size: 600.0 x 600.0
17:37:45.819 [JavaFX Application Thread] DEBUG MainWindow           - Scaled scene size:    600.0 x 600.0
17:37:45.819 [JavaFX Application Thread] DEBUG MainWindow           - Scaled ratio: (1.0, 1.0)
17:37:45.836 [JavaFX Application Thread] DEBUG AssetLoader          - Loading from disk: /assets/ui/css/fxgl_dark.css
17:37:45.849 [JavaFX Application Thread] DEBUG AssetLoader          - Loading from disk: /assets/textures/fxgl_icon.png
17:37:45.964 [JavaFX Application Thread] DEBUG MainWindow           - Opening main window
17:37:46.379 [JavaFX Application Thread] DEBUG MainWindow           - Window border size: (4.0, 26.66668701171875)
17:37:46.380 [JavaFX Application Thread] DEBUG MainWindow           - Scaled size: 600.0 x 600.0
17:37:46.380 [JavaFX Application Thread] DEBUG MainWindow           - Scaled ratio: (1.0, 1.0)
17:37:46.380 [JavaFX Application Thread] DEBUG MainWindow           - Scene size: 600.0 x 600.0
17:37:46.381 [JavaFX Application Thread] DEBUG MainWindow           - Stage size: 604.0 x 626.6666870117188
17:37:46.604 [ForkJoinPool.commonPool-worker-1] DEBUG FS                   - Loaded DesktopFSService
17:37:46.605 [ForkJoinPool.commonPool-worker-1] DEBUG FXGL                 - Loading FXGL system data
17:37:46.615 [ForkJoinPool.commonPool-worker-1] DEBUG DesktopFSService     - Reading from: system\fxgl.bundle
17:37:46.634 [ForkJoinPool.commonPool-worker-1] DEBUG Bundle               - Logging bundle: FXGL
17:37:46.636 [ForkJoinPool.commonPool-worker-1] DEBUG Bundle               - FXGL.offline.timer.version.check=2018-12-21T15:32:12.413
17:37:46.638 [ForkJoinPool.commonPool-worker-1] DEBUG FXGL                 - Initializing state machine and application states
17:37:46.640 [ForkJoinPool.commonPool-worker-1] DEBUG AssetLoader          - Loading from disk: /assets/ui/cursors/fxgl_default.png
17:37:46.651 [ForkJoinPool.commonPool-worker-1] DEBUG AssetLoader          - Loading from disk: /assets/ui/cursors/fxgl_default.png
17:37:46.660 [ForkJoinPool.commonPool-worker-1] DEBUG AssetLoader          - Loading from cache: /assets/ui/fonts/VarelaRound-Regular.ttf
17:37:46.665 [ForkJoinPool.commonPool-worker-1] DEBUG AssetLoader          - Loading from disk: /assets/ui/cursors/fxgl_default.png
17:37:46.671 [ForkJoinPool.commonPool-worker-1] DEBUG GameScene            - Game scene initialized: 600x600
17:37:46.688 [ForkJoinPool.commonPool-worker-1] DEBUG GameWorld            - Game world initialized
17:37:46.806 [ForkJoinPool.commonPool-worker-1] DEBUG PhysicsWorld         - Physics world initialized: appHeight=600, physics.ppm=50,0
17:37:46.874 [ForkJoinPool.commonPool-worker-1] DEBUG Input                - Registered new binding: Pause - Esc
17:37:46.960 [JavaFX Application Thread] DEBUG FXGL                 - Running preInit()
17:37:46.963 [JavaFX Application Thread] DEBUG Input                - Registered new binding: Screenshot - P
17:37:46.965 [JavaFX Application Thread] DEBUG Input                - Registered new binding: Dev Options - CTRL+0
17:37:46.968 [JavaFX Application Thread] DEBUG Input                - Registered new binding: System info dump - CTRL+9
17:37:46.969 [JavaFX Application Thread] DEBUG Input                - Registered new binding: Restart - CTRL+R
17:37:46.969 [JavaFX Application Thread] DEBUG Input                - Registered new binding: Open/Close Panel - Tab
17:37:46.969 [JavaFX Application Thread] DEBUG Input                - Registered new binding: Move Right - D
17:37:46.970 [JavaFX Application Thread] DEBUG Input                - Registered new binding: Testing - T
17:37:46.970 [JavaFX Application Thread] DEBUG Input                - Registered new binding: NewLevel - N
17:37:46.970 [JavaFX Application Thread] DEBUG Input                - Registered new binding: Retry - R
17:37:46.970 [JavaFX Application Thread] DEBUG Input                - Registered new binding: Move Left - A
17:37:46.971 [JavaFX Application Thread] DEBUG Input                - Registered new binding: Launch - Space
17:37:46.972 [JavaFX Application Thread] INFO  FXGL                 - FXGL initialization took: 1,628 sec
17:37:46.972 [JavaFX Application Thread] DEBUG LoopRunner           - Starting loop
17:37:46.974 [JavaFX Application Thread] DEBUG StartupState         - STARTUP
17:37:46.974 [JavaFX Application Thread] DEBUG GameApplication      - Starting new game
17:37:46.974 [JavaFX Application Thread] DEBUG Input                - Clearing active input actions
17:37:46.976 [JavaFX Application Thread] DEBUG AssetLoader          - Loading from disk: /assets/ui/css/fxgl_dark.css
17:37:46.987 [JavaFX Application Thread] DEBUG AppStateMachine      - StartupState -> LoadingState
17:37:47.015 [FXGL Background Thread 1 ] DEBUG InitAppTask          - Clearing previous game
17:37:47.015 [FXGL Background Thread 1 ] DEBUG GameWorld            - Clearing game world
17:37:47.015 [FXGL Background Thread 1 ] DEBUG PhysicsWorld         - Clearing physics world
17:37:47.016 [FXGL Background Thread 1 ] DEBUG GameScene            - Clearing game scene
17:37:47.017 [FXGL Background Thread 1 ] DEBUG InitAppTask          - Initializing Game
17:37:47.169 [FXGL Background Thread 1 ] DEBUG AssetLoader          - Loading from disk: /assets/textures/bat.png
17:37:47.179 [FXGL Background Thread 1 ] DEBUG AssetLoader          - Loading from disk: /assets/textures/bg.png
17:37:47.217 [FXGL Background Thread 1 ] DEBUG AssetLoader          - Loading from disk: /assets/textures/ball.png
17:37:47.336 [FXGL Background Thread 1 ] DEBUG GameScene            - Creating render group for layer: DEFAULT(100000)
17:37:47.341 [FXGL Background Thread 1 ] DEBUG GameScene            - Creating render group for layer: BACKGROUND(1000)
17:37:47.342 [FXGL Background Thread 1 ] DEBUG InitAppTask          - Initializing Physics
17:37:47.344 [FXGL Background Thread 1 ] DEBUG InitAppTask          - Initializing UI
17:37:47.344 [FXGL Background Thread 1 ] DEBUG InitAppTask          - Initialization Complete
17:37:47.344 [FXGL Background Thread 1 ] INFO  InitAppTask          - Game initialization took: 0,329 sec
17:37:47.349 [JavaFX Application Thread] DEBUG Input                - Clearing active input actions
17:37:47.349 [JavaFX Application Thread] DEBUG AssetLoader          - Loading from disk: /assets/ui/css/fxgl_dark.css
17:37:47.360 [JavaFX Application Thread] DEBUG AppStateMachine      - LoadingState -> PlayState
17:37:48.440 [JavaFX Application Thread] DEBUG AssetLoader          - Loading from disk: /assets/textures/wooden3.png
17:37:52.409 [JavaFX Application Thread] DEBUG AssetLoader          - Loading from cache: /assets/textures/ball.png@15.0x15.0
17:37:56.232 [JavaFX Application Thread] DEBUG AssetLoader          - Loading from cache: /assets/textures/ball.png@15.0x15.0
17:38:00.183 [JavaFX Application Thread] DEBUG AssetLoader          - Loading from disk: /assets/textures/GO.png
17:38:00.193 [JavaFX Application Thread] DEBUG AssetLoader          - Loading from disk: /assets/textures/retry.png
17:38:23.141 [JavaFX Application Thread] DEBUG FXGL                 - Exiting FXGL
17:38:23.141 [JavaFX Application Thread] DEBUG FXGL                 - Shutting down background threads
17:38:23.142 [JavaFX Application Thread] DEBUG FXGL                 - Saving FXGL system data
17:38:23.146 [JavaFX Application Thread] DEBUG DesktopFSService     - Writing to: system\fxgl.bundle
17:38:23.151 [JavaFX Application Thread] DEBUG FXGL                 - Closing logger and exiting JavaFX
