17:30:31.114 [JavaFX Application Thread] DEBUG GameApplication      - Logger initialized
17:30:31.142 [JavaFX Application Thread] DEBUG GameApplication      - Logging settings
Title: CC302-Breakout
Version: 0.1
Width: 600
Height: 600
Fullscreen: false
Intro: false
Menus: false
Profiling: false
Single step:false
App Mode: DEVELOPER
Menu Key: ESCAPE
Stage Style: DECORATED
Scene Factory: class com.almasb.fxgl.scene.SceneFactory
Dialog Factory: class com.almasb.fxgl.ui.FXGLDialogFactory
UI Factory: class com.almasb.fxgl.ui.FXGLUIFactory
Notification Service: class com.almasb.fxgl.gameplay.notification.XboxNotificationView
Exception Handler: class com.almasb.fxgl.app.FXGLExceptionHandler
17:30:31.142 [JavaFX Application Thread] DEBUG GameApplication      - Starting FXGL
17:30:31.159 [JavaFX Application Thread] INFO  FXGL                 - FXGL-0.5.4 on DESKTOP
17:30:31.160 [JavaFX Application Thread] INFO  FXGL                 - Source code and latest versions at: https://github.com/AlmasB/FXGL
17:30:31.161 [JavaFX Application Thread] INFO  FXGL                 -              Join the FXGL chat at: https://gitter.im/AlmasB/FXGL
17:30:31.161 [JavaFX Application Thread] DEBUG FXGL                 - FXGL started
17:30:31.161 [JavaFX Application Thread] DEBUG FXGL                 - Initializing FXGL
17:30:31.249 [JavaFX Application Thread] DEBUG AssetLoader          - Loading from disk: /assets/ui/cursors/fxgl_default.png
17:30:31.331 [JavaFX Application Thread] DEBUG AssetLoader          - Loading from disk: /assets/ui/fonts/VarelaRound-Regular.ttf
17:30:31.526 [JavaFX Application Thread] DEBUG MainWindow           - Creating a JavaFX scene
17:30:31.593 [JavaFX Application Thread] DEBUG MainWindow           - Target settings size: 600.0 x 600.0
17:30:31.593 [JavaFX Application Thread] DEBUG MainWindow           - Scaled scene size:    600.0 x 600.0
17:30:31.594 [JavaFX Application Thread] DEBUG MainWindow           - Scaled ratio: (1.0, 1.0)
17:30:31.599 [JavaFX Application Thread] DEBUG AssetLoader          - Loading from disk: /assets/ui/css/fxgl_dark.css
17:30:31.609 [JavaFX Application Thread] DEBUG AssetLoader          - Loading from disk: /assets/textures/fxgl_icon.png
17:30:31.652 [JavaFX Application Thread] DEBUG MainWindow           - Opening main window
17:30:32.180 [JavaFX Application Thread] DEBUG MainWindow           - Window border size: (4.0, 26.66668701171875)
17:30:32.180 [JavaFX Application Thread] DEBUG MainWindow           - Scaled size: 600.0 x 600.0
17:30:32.181 [JavaFX Application Thread] DEBUG MainWindow           - Scaled ratio: (1.0, 1.0)
17:30:32.181 [JavaFX Application Thread] DEBUG MainWindow           - Scene size: 600.0 x 600.0
17:30:32.181 [JavaFX Application Thread] DEBUG MainWindow           - Stage size: 604.0 x 626.6666870117188
17:30:32.351 [ForkJoinPool.commonPool-worker-1] DEBUG FS                   - Loaded DesktopFSService
17:30:32.352 [ForkJoinPool.commonPool-worker-1] DEBUG FXGL                 - Loading FXGL system data
17:30:32.366 [ForkJoinPool.commonPool-worker-1] DEBUG DesktopFSService     - Reading from: system\fxgl.bundle
17:30:32.391 [ForkJoinPool.commonPool-worker-1] DEBUG Bundle               - Logging bundle: FXGL
17:30:32.392 [ForkJoinPool.commonPool-worker-1] DEBUG Bundle               - FXGL.offline.timer.version.check=2018-12-21T15:32:12.413
17:30:32.394 [ForkJoinPool.commonPool-worker-1] DEBUG FXGL                 - Initializing state machine and application states
17:30:32.396 [ForkJoinPool.commonPool-worker-1] DEBUG AssetLoader          - Loading from disk: /assets/ui/cursors/fxgl_default.png
17:30:32.408 [ForkJoinPool.commonPool-worker-1] DEBUG AssetLoader          - Loading from disk: /assets/ui/cursors/fxgl_default.png
17:30:32.418 [ForkJoinPool.commonPool-worker-1] DEBUG AssetLoader          - Loading from cache: /assets/ui/fonts/VarelaRound-Regular.ttf
17:30:32.424 [ForkJoinPool.commonPool-worker-1] DEBUG AssetLoader          - Loading from disk: /assets/ui/cursors/fxgl_default.png
17:30:32.429 [ForkJoinPool.commonPool-worker-1] DEBUG GameScene            - Game scene initialized: 600x600
17:30:32.443 [ForkJoinPool.commonPool-worker-1] DEBUG GameWorld            - Game world initialized
17:30:32.591 [ForkJoinPool.commonPool-worker-1] DEBUG PhysicsWorld         - Physics world initialized: appHeight=600, physics.ppm=50,0
17:30:32.628 [ForkJoinPool.commonPool-worker-1] DEBUG Input                - Registered new binding: Pause - Esc
17:30:32.717 [JavaFX Application Thread] DEBUG FXGL                 - Running preInit()
17:30:32.720 [JavaFX Application Thread] DEBUG Input                - Registered new binding: Screenshot - P
17:30:32.722 [JavaFX Application Thread] DEBUG Input                - Registered new binding: Dev Options - CTRL+0
17:30:32.724 [JavaFX Application Thread] DEBUG Input                - Registered new binding: System info dump - CTRL+9
17:30:32.725 [JavaFX Application Thread] DEBUG Input                - Registered new binding: Restart - CTRL+R
17:30:32.725 [JavaFX Application Thread] DEBUG Input                - Registered new binding: Open/Close Panel - Tab
17:30:32.726 [JavaFX Application Thread] DEBUG Input                - Registered new binding: Move Right - D
17:30:32.726 [JavaFX Application Thread] DEBUG Input                - Registered new binding: Testing - T
17:30:32.726 [JavaFX Application Thread] DEBUG Input                - Registered new binding: NewLevel - N
17:30:32.727 [JavaFX Application Thread] DEBUG Input                - Registered new binding: Retry - R
17:30:32.727 [JavaFX Application Thread] DEBUG Input                - Registered new binding: Move Left - A
17:30:32.727 [JavaFX Application Thread] DEBUG Input                - Registered new binding: Launch - Space
17:30:32.728 [JavaFX Application Thread] INFO  FXGL                 - FXGL initialization took: 1,566 sec
17:30:32.728 [JavaFX Application Thread] DEBUG LoopRunner           - Starting loop
17:30:32.730 [JavaFX Application Thread] DEBUG StartupState         - STARTUP
17:30:32.731 [JavaFX Application Thread] DEBUG GameApplication      - Starting new game
17:30:32.731 [JavaFX Application Thread] DEBUG Input                - Clearing active input actions
17:30:32.733 [JavaFX Application Thread] DEBUG AssetLoader          - Loading from disk: /assets/ui/css/fxgl_dark.css
17:30:32.743 [JavaFX Application Thread] DEBUG AppStateMachine      - StartupState -> LoadingState
17:30:32.819 [FXGL Background Thread 1 ] DEBUG InitAppTask          - Clearing previous game
17:30:32.820 [FXGL Background Thread 1 ] DEBUG GameWorld            - Clearing game world
17:30:32.820 [FXGL Background Thread 1 ] DEBUG PhysicsWorld         - Clearing physics world
17:30:32.820 [FXGL Background Thread 1 ] DEBUG GameScene            - Clearing game scene
17:30:32.822 [FXGL Background Thread 1 ] DEBUG InitAppTask          - Initializing Game
17:30:32.909 [FXGL Background Thread 1 ] DEBUG AssetLoader          - Loading from disk: /assets/textures/bat.png
17:30:32.988 [FXGL Background Thread 1 ] DEBUG AssetLoader          - Loading from disk: /assets/textures/bg.png
17:30:33.029 [FXGL Background Thread 1 ] DEBUG AssetLoader          - Loading from disk: /assets/textures/ball.png
17:30:33.102 [FXGL Background Thread 1 ] DEBUG GameScene            - Creating render group for layer: DEFAULT(100000)
17:30:33.123 [FXGL Background Thread 1 ] DEBUG GameScene            - Creating render group for layer: BACKGROUND(1000)
17:30:33.125 [FXGL Background Thread 1 ] DEBUG InitAppTask          - Initializing Physics
17:30:33.126 [FXGL Background Thread 1 ] DEBUG InitAppTask          - Initializing UI
17:30:33.127 [FXGL Background Thread 1 ] DEBUG InitAppTask          - Initialization Complete
17:30:33.127 [FXGL Background Thread 1 ] INFO  InitAppTask          - Game initialization took: 0,308 sec
17:30:33.133 [JavaFX Application Thread] DEBUG Input                - Clearing active input actions
17:30:33.134 [JavaFX Application Thread] DEBUG AssetLoader          - Loading from disk: /assets/ui/css/fxgl_dark.css
17:30:33.145 [JavaFX Application Thread] DEBUG AppStateMachine      - LoadingState -> PlayState
17:30:34.193 [JavaFX Application Thread] DEBUG AssetLoader          - Loading from disk: /assets/textures/glass.png
17:30:35.377 [JavaFX Application Thread] DEBUG AssetLoader          - Loading from disk: /assets/textures/won.png
17:30:35.387 [JavaFX Application Thread] DEBUG AssetLoader          - Loading from disk: /assets/textures/retry.png
17:30:35.390 [JavaFX Application Thread] WARN  GameWorld            - Attempted to remove entity which is not active
17:30:37.914 [JavaFX Application Thread] DEBUG GameApplication      - Starting new game
17:30:37.915 [JavaFX Application Thread] DEBUG Input                - Clearing active input actions
17:30:37.941 [JavaFX Application Thread] DEBUG AppStateMachine      - PlayState -> LoadingState
17:30:37.943 [FXGL Background Thread 1 ] DEBUG InitAppTask          - Clearing previous game
17:30:37.943 [FXGL Background Thread 1 ] DEBUG GameWorld            - Clearing game world
17:30:37.944 [FXGL Background Thread 1 ] DEBUG PhysicsWorld         - Clearing physics world
17:30:37.945 [FXGL Background Thread 1 ] DEBUG GameScene            - Clearing game scene
17:30:37.945 [FXGL Background Thread 1 ] DEBUG InitAppTask          - Initializing Game
17:30:37.946 [FXGL Background Thread 1 ] DEBUG AssetLoader          - Loading from cache: /assets/textures/bat.png@100.0x30.0
17:30:37.947 [FXGL Background Thread 1 ] DEBUG AssetLoader          - Loading from cache: /assets/textures/bg.png
17:30:37.948 [FXGL Background Thread 1 ] DEBUG AssetLoader          - Loading from cache: /assets/textures/ball.png@15.0x15.0
17:30:37.951 [FXGL Background Thread 1 ] DEBUG GameScene            - Creating render group for layer: DEFAULT(100000)
17:30:37.951 [FXGL Background Thread 1 ] DEBUG GameScene            - Creating render group for layer: BACKGROUND(1000)
17:30:37.955 [FXGL Background Thread 1 ] DEBUG InitAppTask          - Initializing Physics
17:30:37.955 [FXGL Background Thread 1 ] DEBUG InitAppTask          - Initializing UI
17:30:37.955 [FXGL Background Thread 1 ] DEBUG InitAppTask          - Initialization Complete
17:30:37.955 [FXGL Background Thread 1 ] INFO  InitAppTask          - Game initialization took: 0,012 sec
17:30:37.964 [JavaFX Application Thread] DEBUG Input                - Clearing active input actions
17:30:37.976 [JavaFX Application Thread] DEBUG AppStateMachine      - LoadingState -> PlayState
17:30:39.896 [JavaFX Application Thread] DEBUG AssetLoader          - Loading from disk: /assets/textures/wooden3.png
17:30:39.907 [JavaFX Application Thread] DEBUG AssetLoader          - Loading from disk: /assets/textures/metal3.png
17:30:42.565 [JavaFX Application Thread] DEBUG AssetLoader          - Loading from disk: /assets/textures/wooden2.png
17:30:42.950 [JavaFX Application Thread] DEBUG AssetLoader          - Loading from disk: /assets/textures/wooden1.png
17:30:43.135 [JavaFX Application Thread] DEBUG AssetLoader          - Loading from cache: /assets/textures/won.png@420.0x300.0
17:30:43.136 [JavaFX Application Thread] DEBUG AssetLoader          - Loading from cache: /assets/textures/retry.png@332.0x113.0
17:30:43.137 [JavaFX Application Thread] WARN  GameWorld            - Attempted to remove entity which is not active
17:30:45.816 [JavaFX Application Thread] DEBUG GameApplication      - Starting new game
17:30:45.817 [JavaFX Application Thread] DEBUG Input                - Clearing active input actions
17:30:45.822 [JavaFX Application Thread] DEBUG AppStateMachine      - PlayState -> LoadingState
17:30:45.823 [FXGL Background Thread 1 ] DEBUG InitAppTask          - Clearing previous game
17:30:45.823 [FXGL Background Thread 1 ] DEBUG GameWorld            - Clearing game world
17:30:45.826 [FXGL Background Thread 1 ] DEBUG PhysicsWorld         - Clearing physics world
17:30:45.826 [FXGL Background Thread 1 ] DEBUG GameScene            - Clearing game scene
17:30:45.826 [FXGL Background Thread 1 ] DEBUG InitAppTask          - Initializing Game
17:30:45.827 [FXGL Background Thread 1 ] DEBUG AssetLoader          - Loading from cache: /assets/textures/bat.png@100.0x30.0
17:30:45.828 [FXGL Background Thread 1 ] DEBUG AssetLoader          - Loading from cache: /assets/textures/bg.png
17:30:45.829 [FXGL Background Thread 1 ] DEBUG AssetLoader          - Loading from cache: /assets/textures/ball.png@15.0x15.0
17:30:45.833 [FXGL Background Thread 1 ] DEBUG GameScene            - Creating render group for layer: DEFAULT(100000)
17:30:45.833 [FXGL Background Thread 1 ] DEBUG GameScene            - Creating render group for layer: BACKGROUND(1000)
17:30:45.834 [FXGL Background Thread 1 ] DEBUG InitAppTask          - Initializing Physics
17:30:45.835 [FXGL Background Thread 1 ] DEBUG InitAppTask          - Initializing UI
17:30:45.835 [FXGL Background Thread 1 ] DEBUG InitAppTask          - Initialization Complete
17:30:45.836 [FXGL Background Thread 1 ] INFO  InitAppTask          - Game initialization took: 0,013 sec
17:30:45.836 [JavaFX Application Thread] DEBUG Input                - Clearing active input actions
17:30:45.844 [JavaFX Application Thread] DEBUG AppStateMachine      - LoadingState -> PlayState
17:30:48.097 [JavaFX Application Thread] DEBUG FXGL                 - Exiting FXGL
17:30:48.097 [JavaFX Application Thread] DEBUG FXGL                 - Shutting down background threads
17:30:48.097 [JavaFX Application Thread] DEBUG FXGL                 - Saving FXGL system data
17:30:48.100 [JavaFX Application Thread] DEBUG DesktopFSService     - Writing to: system\fxgl.bundle
17:30:48.103 [JavaFX Application Thread] DEBUG FXGL                 - Closing logger and exiting JavaFX
