17:46:04.815 [JavaFX Application Thread] DEBUG GameApplication      - Logger initialized
17:46:04.850 [JavaFX Application Thread] DEBUG GameApplication      - Logging settings
Title: CC302-Breakout
Version: 0.1
Width: 600
Height: 600
Fullscreen: false
Intro: false
Menus: false
Profiling: false
Single step:false
App Mode: DEVELOPER
Menu Key: ESCAPE
Stage Style: DECORATED
Scene Factory: class com.almasb.fxgl.scene.SceneFactory
Dialog Factory: class com.almasb.fxgl.ui.FXGLDialogFactory
UI Factory: class com.almasb.fxgl.ui.FXGLUIFactory
Notification Service: class com.almasb.fxgl.gameplay.notification.XboxNotificationView
Exception Handler: class com.almasb.fxgl.app.FXGLExceptionHandler
17:46:04.850 [JavaFX Application Thread] DEBUG GameApplication      - Starting FXGL
17:46:04.873 [JavaFX Application Thread] INFO  FXGL                 - FXGL-0.5.4 on DESKTOP
17:46:04.874 [JavaFX Application Thread] INFO  FXGL                 - Source code and latest versions at: https://github.com/AlmasB/FXGL
17:46:04.874 [JavaFX Application Thread] INFO  FXGL                 -              Join the FXGL chat at: https://gitter.im/AlmasB/FXGL
17:46:04.875 [JavaFX Application Thread] DEBUG FXGL                 - FXGL started
17:46:04.875 [JavaFX Application Thread] DEBUG FXGL                 - Initializing FXGL
17:46:04.974 [JavaFX Application Thread] DEBUG AssetLoader          - Loading from disk: /assets/ui/cursors/fxgl_default.png
17:46:05.080 [JavaFX Application Thread] DEBUG AssetLoader          - Loading from disk: /assets/ui/fonts/VarelaRound-Regular.ttf
17:46:05.487 [JavaFX Application Thread] DEBUG MainWindow           - Creating a JavaFX scene
17:46:05.708 [JavaFX Application Thread] DEBUG MainWindow           - Target settings size: 600.0 x 600.0
17:46:05.709 [JavaFX Application Thread] DEBUG MainWindow           - Scaled scene size:    600.0 x 600.0
17:46:05.710 [JavaFX Application Thread] DEBUG MainWindow           - Scaled ratio: (1.0, 1.0)
17:46:05.768 [JavaFX Application Thread] DEBUG AssetLoader          - Loading from disk: /assets/ui/css/fxgl_dark.css
17:46:05.785 [JavaFX Application Thread] DEBUG AssetLoader          - Loading from disk: /assets/textures/fxgl_icon.png
17:46:05.941 [JavaFX Application Thread] DEBUG MainWindow           - Opening main window
17:46:07.485 [JavaFX Application Thread] DEBUG MainWindow           - Window border size: (4.0, 26.66668701171875)
17:46:07.485 [JavaFX Application Thread] DEBUG MainWindow           - Scaled size: 600.0 x 600.0
17:46:07.486 [JavaFX Application Thread] DEBUG MainWindow           - Scaled ratio: (1.0, 1.0)
17:46:07.486 [JavaFX Application Thread] DEBUG MainWindow           - Scene size: 600.0 x 600.0
17:46:07.486 [JavaFX Application Thread] DEBUG MainWindow           - Stage size: 604.0 x 626.6666870117188
17:46:07.648 [ForkJoinPool.commonPool-worker-1] DEBUG FS                   - Loaded DesktopFSService
17:46:07.649 [ForkJoinPool.commonPool-worker-1] DEBUG FXGL                 - Loading FXGL system data
17:46:07.670 [ForkJoinPool.commonPool-worker-1] DEBUG DesktopFSService     - Reading from: system\fxgl.bundle
17:46:07.701 [ForkJoinPool.commonPool-worker-1] DEBUG Bundle               - Logging bundle: FXGL
17:46:07.703 [ForkJoinPool.commonPool-worker-1] DEBUG Bundle               - FXGL.offline.timer.version.check=2018-12-21T15:32:12.413
17:46:07.704 [ForkJoinPool.commonPool-worker-1] DEBUG FXGL                 - Initializing state machine and application states
17:46:07.706 [ForkJoinPool.commonPool-worker-1] DEBUG AssetLoader          - Loading from disk: /assets/ui/cursors/fxgl_default.png
17:46:07.719 [ForkJoinPool.commonPool-worker-1] DEBUG AssetLoader          - Loading from disk: /assets/ui/cursors/fxgl_default.png
17:46:07.747 [ForkJoinPool.commonPool-worker-1] DEBUG AssetLoader          - Loading from cache: /assets/ui/fonts/VarelaRound-Regular.ttf
17:46:07.763 [ForkJoinPool.commonPool-worker-1] DEBUG AssetLoader          - Loading from disk: /assets/ui/cursors/fxgl_default.png
17:46:07.770 [ForkJoinPool.commonPool-worker-1] DEBUG GameScene            - Game scene initialized: 600x600
17:46:07.789 [ForkJoinPool.commonPool-worker-1] DEBUG GameWorld            - Game world initialized
17:46:07.923 [ForkJoinPool.commonPool-worker-1] DEBUG PhysicsWorld         - Physics world initialized: appHeight=600, physics.ppm=50,0
17:46:08.003 [ForkJoinPool.commonPool-worker-1] DEBUG Input                - Registered new binding: Pause - Esc
17:46:08.099 [JavaFX Application Thread] DEBUG FXGL                 - Running preInit()
17:46:08.102 [JavaFX Application Thread] DEBUG Input                - Registered new binding: Screenshot - P
17:46:08.103 [JavaFX Application Thread] DEBUG Input                - Registered new binding: Dev Options - CTRL+0
17:46:08.103 [JavaFX Application Thread] DEBUG Input                - Registered new binding: System info dump - CTRL+9
17:46:08.104 [JavaFX Application Thread] DEBUG Input                - Registered new binding: Restart - CTRL+R
17:46:08.104 [JavaFX Application Thread] DEBUG Input                - Registered new binding: Open/Close Panel - Tab
17:46:08.105 [JavaFX Application Thread] DEBUG Input                - Registered new binding: Move Right - D
17:46:08.105 [JavaFX Application Thread] DEBUG Input                - Registered new binding: Testing - T
17:46:08.106 [JavaFX Application Thread] DEBUG Input                - Registered new binding: NewLevel - N
17:46:08.106 [JavaFX Application Thread] DEBUG Input                - Registered new binding: Retry - R
17:46:08.106 [JavaFX Application Thread] DEBUG Input                - Registered new binding: Move Left - A
17:46:08.107 [JavaFX Application Thread] DEBUG Input                - Registered new binding: Launch - Space
17:46:08.115 [JavaFX Application Thread] INFO  FXGL                 - FXGL initialization took: 3,239 sec
17:46:08.117 [JavaFX Application Thread] DEBUG LoopRunner           - Starting loop
17:46:08.120 [JavaFX Application Thread] DEBUG StartupState         - STARTUP
17:46:08.120 [JavaFX Application Thread] DEBUG GameApplication      - Starting new game
17:46:08.120 [JavaFX Application Thread] DEBUG Input                - Clearing active input actions
17:46:08.122 [JavaFX Application Thread] DEBUG AssetLoader          - Loading from disk: /assets/ui/css/fxgl_dark.css
17:46:08.133 [JavaFX Application Thread] DEBUG AppStateMachine      - StartupState -> LoadingState
17:46:08.151 [FXGL Background Thread 1 ] DEBUG InitAppTask          - Clearing previous game
17:46:08.151 [FXGL Background Thread 1 ] DEBUG GameWorld            - Clearing game world
17:46:08.152 [FXGL Background Thread 1 ] DEBUG PhysicsWorld         - Clearing physics world
17:46:08.152 [FXGL Background Thread 1 ] DEBUG GameScene            - Clearing game scene
17:46:08.154 [FXGL Background Thread 1 ] DEBUG InitAppTask          - Initializing Game
17:46:08.252 [FXGL Background Thread 1 ] DEBUG AssetLoader          - Loading from disk: /assets/textures/bat.png
17:46:08.265 [FXGL Background Thread 1 ] DEBUG AssetLoader          - Loading from disk: /assets/textures/bg.png
17:46:08.302 [FXGL Background Thread 1 ] DEBUG AssetLoader          - Loading from disk: /assets/textures/ball.png
17:46:08.398 [FXGL Background Thread 1 ] DEBUG GameScene            - Creating render group for layer: DEFAULT(100000)
17:46:08.404 [FXGL Background Thread 1 ] DEBUG GameScene            - Creating render group for layer: BACKGROUND(1000)
17:46:08.405 [FXGL Background Thread 1 ] DEBUG InitAppTask          - Initializing Physics
17:46:08.406 [FXGL Background Thread 1 ] DEBUG InitAppTask          - Initializing UI
17:46:08.407 [FXGL Background Thread 1 ] DEBUG InitAppTask          - Initialization Complete
17:46:08.407 [FXGL Background Thread 1 ] INFO  InitAppTask          - Game initialization took: 0,256 sec
17:46:08.423 [JavaFX Application Thread] DEBUG Input                - Clearing active input actions
17:46:08.424 [JavaFX Application Thread] DEBUG AssetLoader          - Loading from disk: /assets/ui/css/fxgl_dark.css
17:46:08.447 [JavaFX Application Thread] DEBUG AppStateMachine      - LoadingState -> PlayState
17:46:11.464 [JavaFX Application Thread] DEBUG AssetLoader          - Loading from disk: /assets/textures/wooden3.png
17:46:11.472 [JavaFX Application Thread] DEBUG AssetLoader          - Loading from disk: /assets/textures/glass.png
17:46:11.480 [JavaFX Application Thread] DEBUG AssetLoader          - Loading from cache: /assets/textures/glass.png@50.0x15.0
17:46:11.482 [JavaFX Application Thread] DEBUG AssetLoader          - Loading from cache: /assets/textures/wooden3.png@50.0x15.0
17:46:11.485 [JavaFX Application Thread] DEBUG AssetLoader          - Loading from disk: /assets/textures/metal3.png
17:46:11.488 [JavaFX Application Thread] DEBUG AssetLoader          - Loading from cache: /assets/textures/glass.png@50.0x15.0
17:46:11.490 [JavaFX Application Thread] DEBUG AssetLoader          - Loading from cache: /assets/textures/glass.png@50.0x15.0
17:46:11.492 [JavaFX Application Thread] DEBUG AssetLoader          - Loading from cache: /assets/textures/wooden3.png@50.0x15.0
17:46:11.493 [JavaFX Application Thread] DEBUG AssetLoader          - Loading from cache: /assets/textures/glass.png@50.0x15.0
17:46:11.495 [JavaFX Application Thread] DEBUG AssetLoader          - Loading from cache: /assets/textures/wooden3.png@50.0x15.0
17:46:11.496 [JavaFX Application Thread] DEBUG AssetLoader          - Loading from cache: /assets/textures/wooden3.png@50.0x15.0
17:46:11.498 [JavaFX Application Thread] DEBUG AssetLoader          - Loading from cache: /assets/textures/wooden3.png@50.0x15.0
17:46:11.500 [JavaFX Application Thread] DEBUG AssetLoader          - Loading from cache: /assets/textures/metal3.png@50.0x15.0
17:46:11.501 [JavaFX Application Thread] DEBUG AssetLoader          - Loading from cache: /assets/textures/glass.png@50.0x15.0
17:46:11.503 [JavaFX Application Thread] DEBUG AssetLoader          - Loading from cache: /assets/textures/glass.png@50.0x15.0
17:46:11.505 [JavaFX Application Thread] DEBUG AssetLoader          - Loading from cache: /assets/textures/glass.png@50.0x15.0
17:46:11.506 [JavaFX Application Thread] DEBUG AssetLoader          - Loading from cache: /assets/textures/metal3.png@50.0x15.0
17:46:11.508 [JavaFX Application Thread] DEBUG AssetLoader          - Loading from cache: /assets/textures/wooden3.png@50.0x15.0
17:46:11.510 [JavaFX Application Thread] DEBUG AssetLoader          - Loading from cache: /assets/textures/glass.png@50.0x15.0
17:46:11.511 [JavaFX Application Thread] DEBUG AssetLoader          - Loading from cache: /assets/textures/glass.png@50.0x15.0
17:46:11.512 [JavaFX Application Thread] DEBUG AssetLoader          - Loading from cache: /assets/textures/metal3.png@50.0x15.0
17:46:11.513 [JavaFX Application Thread] DEBUG AssetLoader          - Loading from cache: /assets/textures/glass.png@50.0x15.0
17:46:11.514 [JavaFX Application Thread] DEBUG AssetLoader          - Loading from cache: /assets/textures/wooden3.png@50.0x15.0
17:46:11.515 [JavaFX Application Thread] DEBUG AssetLoader          - Loading from cache: /assets/textures/glass.png@50.0x15.0
17:46:31.302 [JavaFX Application Thread] DEBUG AssetLoader          - Loading from disk: /assets/textures/wooden2.png
17:46:31.557 [JavaFX Application Thread] DEBUG AssetLoader          - Loading from disk: /assets/textures/wooden1.png
17:46:32.253 [JavaFX Application Thread] DEBUG AssetLoader          - Loading from cache: /assets/textures/wooden2.png
17:46:32.405 [JavaFX Application Thread] DEBUG AssetLoader          - Loading from cache: /assets/textures/wooden1.png
17:46:32.973 [JavaFX Application Thread] DEBUG AssetLoader          - Loading from cache: /assets/textures/wooden2.png
17:46:33.125 [JavaFX Application Thread] DEBUG AssetLoader          - Loading from cache: /assets/textures/wooden1.png
17:46:33.686 [JavaFX Application Thread] DEBUG AssetLoader          - Loading from cache: /assets/textures/wooden2.png
17:46:33.854 [JavaFX Application Thread] DEBUG AssetLoader          - Loading from cache: /assets/textures/wooden1.png
17:46:37.926 [JavaFX Application Thread] DEBUG AssetLoader          - Loading from cache: /assets/textures/wooden2.png
17:46:38.709 [JavaFX Application Thread] DEBUG AssetLoader          - Loading from cache: /assets/textures/wooden1.png
17:46:40.117 [JavaFX Application Thread] DEBUG AssetLoader          - Loading from cache: /assets/textures/wooden2.png
17:46:40.269 [JavaFX Application Thread] DEBUG AssetLoader          - Loading from cache: /assets/textures/wooden1.png
17:46:40.901 [JavaFX Application Thread] DEBUG AssetLoader          - Loading from cache: /assets/textures/wooden2.png
17:46:41.053 [JavaFX Application Thread] DEBUG AssetLoader          - Loading from cache: /assets/textures/wooden1.png
17:46:41.551 [JavaFX Application Thread] DEBUG AssetLoader          - Loading from cache: /assets/ui/fonts/VarelaRound-Regular.ttf
17:46:41.551 [JavaFX Application Thread] DEBUG AssetLoader          - Loading from cache: /assets/ui/fonts/VarelaRound-Regular.ttf
17:46:41.551 [JavaFX Application Thread] DEBUG AssetLoader          - Loading from cache: /assets/ui/fonts/VarelaRound-Regular.ttf
17:46:41.551 [JavaFX Application Thread] DEBUG AssetLoader          - Loading from cache: /assets/ui/fonts/VarelaRound-Regular.ttf
17:46:41.551 [JavaFX Application Thread] DEBUG AssetLoader          - Loading from cache: /assets/ui/fonts/VarelaRound-Regular.ttf
17:46:42.816 [JavaFX Application Thread] DEBUG AssetLoader          - Loading from cache: /assets/ui/fonts/VarelaRound-Regular.ttf
17:46:42.816 [JavaFX Application Thread] DEBUG AssetLoader          - Loading from cache: /assets/ui/fonts/VarelaRound-Regular.ttf
17:46:42.817 [JavaFX Application Thread] DEBUG AssetLoader          - Loading from cache: /assets/ui/fonts/VarelaRound-Regular.ttf
17:46:42.817 [JavaFX Application Thread] DEBUG AssetLoader          - Loading from cache: /assets/ui/fonts/VarelaRound-Regular.ttf
17:46:42.818 [JavaFX Application Thread] DEBUG AssetLoader          - Loading from cache: /assets/ui/fonts/VarelaRound-Regular.ttf
17:46:43.973 [JavaFX Application Thread] DEBUG AssetLoader          - Loading from disk: /assets/textures/metal2.png
17:46:44.821 [JavaFX Application Thread] DEBUG AssetLoader          - Loading from disk: /assets/textures/metal1.png
17:46:47.781 [JavaFX Application Thread] DEBUG AssetLoader          - Loading from cache: /assets/textures/wooden2.png
17:46:47.949 [JavaFX Application Thread] DEBUG AssetLoader          - Loading from cache: /assets/textures/wooden1.png
17:46:48.839 [JavaFX Application Thread] DEBUG AssetLoader          - Loading from disk: /assets/textures/won.png
17:46:48.850 [JavaFX Application Thread] DEBUG AssetLoader          - Loading from disk: /assets/textures/retry.png
17:46:48.854 [JavaFX Application Thread] WARN  GameWorld            - Attempted to remove entity which is not active
17:46:52.586 [JavaFX Application Thread] DEBUG GameApplication      - Starting new game
17:46:52.587 [JavaFX Application Thread] DEBUG Input                - Clearing active input actions
17:46:52.596 [JavaFX Application Thread] DEBUG AppStateMachine      - PlayState -> LoadingState
17:46:52.597 [FXGL Background Thread 1 ] DEBUG InitAppTask          - Clearing previous game
17:46:52.597 [FXGL Background Thread 1 ] DEBUG GameWorld            - Clearing game world
17:46:52.599 [FXGL Background Thread 1 ] DEBUG PhysicsWorld         - Clearing physics world
17:46:52.599 [FXGL Background Thread 1 ] DEBUG GameScene            - Clearing game scene
17:46:52.599 [FXGL Background Thread 1 ] DEBUG InitAppTask          - Initializing Game
17:46:52.600 [FXGL Background Thread 1 ] DEBUG AssetLoader          - Loading from cache: /assets/textures/bat.png@100.0x30.0
17:46:52.601 [FXGL Background Thread 1 ] DEBUG AssetLoader          - Loading from cache: /assets/textures/bg.png
17:46:52.602 [FXGL Background Thread 1 ] DEBUG AssetLoader          - Loading from cache: /assets/textures/ball.png@15.0x15.0
17:46:52.604 [FXGL Background Thread 1 ] DEBUG GameScene            - Creating render group for layer: DEFAULT(100000)
17:46:52.604 [FXGL Background Thread 1 ] DEBUG GameScene            - Creating render group for layer: BACKGROUND(1000)
17:46:52.605 [FXGL Background Thread 1 ] DEBUG InitAppTask          - Initializing Physics
17:46:52.605 [FXGL Background Thread 1 ] DEBUG InitAppTask          - Initializing UI
17:46:52.605 [FXGL Background Thread 1 ] DEBUG InitAppTask          - Initialization Complete
17:46:52.606 [FXGL Background Thread 1 ] INFO  InitAppTask          - Game initialization took: 0,008 sec
17:46:52.615 [JavaFX Application Thread] DEBUG Input                - Clearing active input actions
17:46:52.623 [JavaFX Application Thread] DEBUG AppStateMachine      - LoadingState -> PlayState
17:46:53.958 [JavaFX Application Thread] DEBUG AssetLoader          - Loading from cache: /assets/textures/glass.png@50.0x15.0
17:46:53.962 [JavaFX Application Thread] DEBUG AssetLoader          - Loading from cache: /assets/textures/glass.png@50.0x15.0
17:46:53.965 [JavaFX Application Thread] DEBUG AssetLoader          - Loading from cache: /assets/textures/wooden3.png@50.0x15.0
17:46:53.968 [JavaFX Application Thread] DEBUG AssetLoader          - Loading from cache: /assets/textures/wooden3.png@50.0x15.0
17:46:53.972 [JavaFX Application Thread] DEBUG AssetLoader          - Loading from cache: /assets/textures/wooden3.png@50.0x15.0
17:46:53.975 [JavaFX Application Thread] DEBUG AssetLoader          - Loading from cache: /assets/textures/metal3.png@50.0x15.0
17:46:53.978 [JavaFX Application Thread] DEBUG AssetLoader          - Loading from cache: /assets/textures/wooden3.png@50.0x15.0
17:46:53.981 [JavaFX Application Thread] DEBUG AssetLoader          - Loading from cache: /assets/textures/wooden3.png@50.0x15.0
17:46:53.983 [JavaFX Application Thread] DEBUG AssetLoader          - Loading from cache: /assets/textures/wooden3.png@50.0x15.0
17:46:53.986 [JavaFX Application Thread] DEBUG AssetLoader          - Loading from cache: /assets/textures/wooden3.png@50.0x15.0
17:46:53.988 [JavaFX Application Thread] DEBUG AssetLoader          - Loading from cache: /assets/textures/glass.png@50.0x15.0
17:46:53.990 [JavaFX Application Thread] DEBUG AssetLoader          - Loading from cache: /assets/textures/wooden3.png@50.0x15.0
17:46:53.991 [JavaFX Application Thread] DEBUG AssetLoader          - Loading from cache: /assets/textures/glass.png@50.0x15.0
17:46:53.992 [JavaFX Application Thread] DEBUG AssetLoader          - Loading from cache: /assets/textures/wooden3.png@50.0x15.0
17:46:53.993 [JavaFX Application Thread] DEBUG AssetLoader          - Loading from cache: /assets/textures/wooden3.png@50.0x15.0
17:46:53.995 [JavaFX Application Thread] DEBUG AssetLoader          - Loading from cache: /assets/textures/glass.png@50.0x15.0
17:46:53.996 [JavaFX Application Thread] DEBUG AssetLoader          - Loading from cache: /assets/textures/glass.png@50.0x15.0
17:46:53.997 [JavaFX Application Thread] DEBUG AssetLoader          - Loading from cache: /assets/textures/glass.png@50.0x15.0
17:46:53.998 [JavaFX Application Thread] DEBUG AssetLoader          - Loading from cache: /assets/textures/glass.png@50.0x15.0
17:46:53.999 [JavaFX Application Thread] DEBUG AssetLoader          - Loading from cache: /assets/textures/glass.png@50.0x15.0
17:46:54.000 [JavaFX Application Thread] DEBUG AssetLoader          - Loading from cache: /assets/textures/glass.png@50.0x15.0
17:46:54.001 [JavaFX Application Thread] DEBUG AssetLoader          - Loading from cache: /assets/textures/metal3.png@50.0x15.0
17:46:57.980 [JavaFX Application Thread] DEBUG AssetLoader          - Loading from cache: /assets/sounds/glass.wav
17:46:57.982 [JavaFX Application Thread] DEBUG AssetLoader          - Loading from cache: /assets/sounds/destroyed.wav
17:46:59.656 [JavaFX Application Thread] DEBUG AssetLoader          - Loading from cache: /assets/textures/ball.png@15.0x15.0
17:47:01.207 [JavaFX Application Thread] DEBUG AssetLoader          - Loading from cache: /assets/sounds/glass.wav
17:47:01.211 [JavaFX Application Thread] DEBUG AssetLoader          - Loading from cache: /assets/sounds/destroyed.wav
17:47:02.905 [JavaFX Application Thread] DEBUG AssetLoader          - Loading from cache: /assets/textures/ball.png@15.0x15.0
17:47:04.584 [JavaFX Application Thread] DEBUG AssetLoader          - Loading from cache: /assets/sounds/glass.wav
17:47:04.588 [JavaFX Application Thread] DEBUG AssetLoader          - Loading from cache: /assets/sounds/destroyed.wav
17:47:04.666 [JavaFX Application Thread] DEBUG AssetLoader          - Loading from cache: /assets/textures/wooden2.png
17:47:07.496 [JavaFX Application Thread] DEBUG AssetLoader          - Loading from cache: /assets/sounds/glass.wav
17:47:07.497 [JavaFX Application Thread] DEBUG AssetLoader          - Loading from cache: /assets/sounds/destroyed.wav
17:47:09.208 [JavaFX Application Thread] DEBUG AssetLoader          - Loading from disk: /assets/textures/GO.png
17:47:09.213 [JavaFX Application Thread] DEBUG AssetLoader          - Loading from cache: /assets/textures/retry.png@332.0x113.0
17:47:14.804 [JavaFX Application Thread] DEBUG GameApplication      - Starting new game
17:47:14.805 [JavaFX Application Thread] DEBUG Input                - Clearing active input actions
17:47:14.829 [JavaFX Application Thread] DEBUG AppStateMachine      - PlayState -> LoadingState
17:47:14.831 [FXGL Background Thread 1 ] DEBUG InitAppTask          - Clearing previous game
17:47:14.831 [FXGL Background Thread 1 ] DEBUG GameWorld            - Clearing game world
17:47:14.841 [FXGL Background Thread 1 ] DEBUG PhysicsWorld         - Clearing physics world
17:47:14.841 [FXGL Background Thread 1 ] DEBUG GameScene            - Clearing game scene
17:47:14.841 [FXGL Background Thread 1 ] DEBUG InitAppTask          - Initializing Game
17:47:14.842 [FXGL Background Thread 1 ] DEBUG AssetLoader          - Loading from cache: /assets/textures/bat.png@100.0x30.0
17:47:14.843 [FXGL Background Thread 1 ] DEBUG AssetLoader          - Loading from cache: /assets/textures/bg.png
17:47:14.843 [FXGL Background Thread 1 ] DEBUG AssetLoader          - Loading from cache: /assets/textures/ball.png@15.0x15.0
17:47:14.844 [FXGL Background Thread 1 ] DEBUG GameScene            - Creating render group for layer: DEFAULT(100000)
17:47:14.844 [FXGL Background Thread 1 ] DEBUG GameScene            - Creating render group for layer: BACKGROUND(1000)
17:47:14.845 [FXGL Background Thread 1 ] DEBUG InitAppTask          - Initializing Physics
17:47:14.845 [FXGL Background Thread 1 ] DEBUG InitAppTask          - Initializing UI
17:47:14.845 [FXGL Background Thread 1 ] DEBUG InitAppTask          - Initialization Complete
17:47:14.846 [FXGL Background Thread 1 ] INFO  InitAppTask          - Game initialization took: 0,015 sec
17:47:14.852 [JavaFX Application Thread] DEBUG Input                - Clearing active input actions
17:47:14.862 [JavaFX Application Thread] DEBUG AppStateMachine      - LoadingState -> PlayState
17:47:16.126 [JavaFX Application Thread] DEBUG AssetLoader          - Loading from cache: /assets/textures/glass.png@50.0x15.0
17:47:16.129 [JavaFX Application Thread] DEBUG AssetLoader          - Loading from cache: /assets/textures/glass.png@50.0x15.0
17:47:16.131 [JavaFX Application Thread] DEBUG AssetLoader          - Loading from cache: /assets/textures/glass.png@50.0x15.0
17:47:16.134 [JavaFX Application Thread] DEBUG AssetLoader          - Loading from cache: /assets/textures/glass.png@50.0x15.0
17:47:16.137 [JavaFX Application Thread] DEBUG AssetLoader          - Loading from cache: /assets/textures/glass.png@50.0x15.0
17:47:16.139 [JavaFX Application Thread] DEBUG AssetLoader          - Loading from cache: /assets/textures/glass.png@50.0x15.0
17:47:16.142 [JavaFX Application Thread] DEBUG AssetLoader          - Loading from cache: /assets/textures/metal3.png@50.0x15.0
17:47:16.145 [JavaFX Application Thread] DEBUG AssetLoader          - Loading from cache: /assets/textures/glass.png@50.0x15.0
17:47:16.147 [JavaFX Application Thread] DEBUG AssetLoader          - Loading from cache: /assets/textures/glass.png@50.0x15.0
17:47:16.149 [JavaFX Application Thread] DEBUG AssetLoader          - Loading from cache: /assets/textures/metal3.png@50.0x15.0
17:47:16.150 [JavaFX Application Thread] DEBUG AssetLoader          - Loading from cache: /assets/textures/metal3.png@50.0x15.0
17:47:16.152 [JavaFX Application Thread] DEBUG AssetLoader          - Loading from cache: /assets/textures/glass.png@50.0x15.0
17:47:16.154 [JavaFX Application Thread] DEBUG AssetLoader          - Loading from cache: /assets/textures/wooden3.png@50.0x15.0
17:47:16.157 [JavaFX Application Thread] DEBUG AssetLoader          - Loading from cache: /assets/textures/wooden3.png@50.0x15.0
17:47:16.160 [JavaFX Application Thread] DEBUG AssetLoader          - Loading from cache: /assets/textures/glass.png@50.0x15.0
17:47:16.162 [JavaFX Application Thread] DEBUG AssetLoader          - Loading from cache: /assets/textures/wooden3.png@50.0x15.0
17:47:16.163 [JavaFX Application Thread] DEBUG AssetLoader          - Loading from cache: /assets/textures/glass.png@50.0x15.0
17:47:16.164 [JavaFX Application Thread] DEBUG AssetLoader          - Loading from cache: /assets/textures/metal3.png@50.0x15.0
17:47:16.165 [JavaFX Application Thread] DEBUG AssetLoader          - Loading from cache: /assets/textures/wooden3.png@50.0x15.0
17:47:16.166 [JavaFX Application Thread] DEBUG AssetLoader          - Loading from cache: /assets/textures/metal3.png@50.0x15.0
17:47:16.167 [JavaFX Application Thread] DEBUG AssetLoader          - Loading from cache: /assets/textures/wooden3.png@50.0x15.0
17:47:16.169 [JavaFX Application Thread] DEBUG AssetLoader          - Loading from cache: /assets/textures/glass.png@50.0x15.0
17:47:16.170 [JavaFX Application Thread] DEBUG AssetLoader          - Loading from cache: /assets/textures/wooden3.png@50.0x15.0
17:47:16.171 [JavaFX Application Thread] DEBUG AssetLoader          - Loading from cache: /assets/textures/glass.png@50.0x15.0
17:47:16.172 [JavaFX Application Thread] DEBUG AssetLoader          - Loading from cache: /assets/textures/wooden3.png@50.0x15.0
17:47:16.173 [JavaFX Application Thread] DEBUG AssetLoader          - Loading from cache: /assets/textures/metal3.png@50.0x15.0
17:47:20.893 [JavaFX Application Thread] DEBUG FXGL                 - Exiting FXGL
17:47:20.894 [JavaFX Application Thread] DEBUG FXGL                 - Shutting down background threads
17:47:20.894 [JavaFX Application Thread] DEBUG FXGL                 - Saving FXGL system data
17:47:20.897 [JavaFX Application Thread] DEBUG DesktopFSService     - Writing to: system\fxgl.bundle
17:47:20.901 [JavaFX Application Thread] DEBUG FXGL                 - Closing logger and exiting JavaFX
