17:38:23.684 [JavaFX Application Thread] DEBUG GameApplication      - Logger initialized
17:38:23.712 [JavaFX Application Thread] DEBUG GameApplication      - Logging settings
Title: CC302-Breakout
Version: 0.1
Width: 600
Height: 600
Fullscreen: false
Intro: false
Menus: false
Profiling: false
Single step:false
App Mode: DEVELOPER
Menu Key: ESCAPE
Stage Style: DECORATED
Scene Factory: class com.almasb.fxgl.scene.SceneFactory
Dialog Factory: class com.almasb.fxgl.ui.FXGLDialogFactory
UI Factory: class com.almasb.fxgl.ui.FXGLUIFactory
Notification Service: class com.almasb.fxgl.gameplay.notification.XboxNotificationView
Exception Handler: class com.almasb.fxgl.app.FXGLExceptionHandler
17:38:23.712 [JavaFX Application Thread] DEBUG GameApplication      - Starting FXGL
17:38:23.741 [JavaFX Application Thread] INFO  FXGL                 - FXGL-0.5.4 on DESKTOP
17:38:23.742 [JavaFX Application Thread] INFO  FXGL                 - Source code and latest versions at: https://github.com/AlmasB/FXGL
17:38:23.742 [JavaFX Application Thread] INFO  FXGL                 -              Join the FXGL chat at: https://gitter.im/AlmasB/FXGL
17:38:23.743 [JavaFX Application Thread] DEBUG FXGL                 - FXGL started
17:38:23.743 [JavaFX Application Thread] DEBUG FXGL                 - Initializing FXGL
17:38:23.831 [JavaFX Application Thread] DEBUG AssetLoader          - Loading from disk: /assets/ui/cursors/fxgl_default.png
17:38:23.908 [JavaFX Application Thread] DEBUG AssetLoader          - Loading from disk: /assets/ui/fonts/VarelaRound-Regular.ttf
17:38:24.189 [JavaFX Application Thread] DEBUG MainWindow           - Creating a JavaFX scene
17:38:24.353 [JavaFX Application Thread] DEBUG MainWindow           - Target settings size: 600.0 x 600.0
17:38:24.354 [JavaFX Application Thread] DEBUG MainWindow           - Scaled scene size:    600.0 x 600.0
17:38:24.354 [JavaFX Application Thread] DEBUG MainWindow           - Scaled ratio: (1.0, 1.0)
17:38:24.362 [JavaFX Application Thread] DEBUG AssetLoader          - Loading from disk: /assets/ui/css/fxgl_dark.css
17:38:24.374 [JavaFX Application Thread] DEBUG AssetLoader          - Loading from disk: /assets/textures/fxgl_icon.png
17:38:24.435 [JavaFX Application Thread] DEBUG MainWindow           - Opening main window
17:38:25.261 [JavaFX Application Thread] DEBUG MainWindow           - Window border size: (4.0, 26.66668701171875)
17:38:25.261 [JavaFX Application Thread] DEBUG MainWindow           - Scaled size: 600.0 x 600.0
17:38:25.261 [JavaFX Application Thread] DEBUG MainWindow           - Scaled ratio: (1.0, 1.0)
17:38:25.262 [JavaFX Application Thread] DEBUG MainWindow           - Scene size: 600.0 x 600.0
17:38:25.262 [JavaFX Application Thread] DEBUG MainWindow           - Stage size: 604.0 x 626.6666870117188
17:38:25.466 [ForkJoinPool.commonPool-worker-1] DEBUG FS                   - Loaded DesktopFSService
17:38:25.467 [ForkJoinPool.commonPool-worker-1] DEBUG FXGL                 - Loading FXGL system data
17:38:25.496 [ForkJoinPool.commonPool-worker-1] DEBUG DesktopFSService     - Reading from: system\fxgl.bundle
17:38:25.521 [ForkJoinPool.commonPool-worker-1] DEBUG Bundle               - Logging bundle: FXGL
17:38:25.524 [ForkJoinPool.commonPool-worker-1] DEBUG Bundle               - FXGL.offline.timer.version.check=2018-12-21T15:32:12.413
17:38:25.528 [ForkJoinPool.commonPool-worker-1] DEBUG FXGL                 - Initializing state machine and application states
17:38:25.533 [ForkJoinPool.commonPool-worker-1] DEBUG AssetLoader          - Loading from disk: /assets/ui/cursors/fxgl_default.png
17:38:25.550 [ForkJoinPool.commonPool-worker-1] DEBUG AssetLoader          - Loading from disk: /assets/ui/cursors/fxgl_default.png
17:38:25.569 [ForkJoinPool.commonPool-worker-1] DEBUG AssetLoader          - Loading from cache: /assets/ui/fonts/VarelaRound-Regular.ttf
17:38:25.600 [ForkJoinPool.commonPool-worker-1] DEBUG AssetLoader          - Loading from disk: /assets/ui/cursors/fxgl_default.png
17:38:25.613 [ForkJoinPool.commonPool-worker-1] DEBUG GameScene            - Game scene initialized: 600x600
17:38:25.624 [ForkJoinPool.commonPool-worker-1] DEBUG GameWorld            - Game world initialized
17:38:25.800 [ForkJoinPool.commonPool-worker-1] DEBUG PhysicsWorld         - Physics world initialized: appHeight=600, physics.ppm=50,0
17:38:25.863 [ForkJoinPool.commonPool-worker-1] DEBUG Input                - Registered new binding: Pause - Esc
17:38:26.111 [JavaFX Application Thread] DEBUG FXGL                 - Running preInit()
17:38:26.114 [JavaFX Application Thread] DEBUG Input                - Registered new binding: Screenshot - P
17:38:26.115 [JavaFX Application Thread] DEBUG Input                - Registered new binding: Dev Options - CTRL+0
17:38:26.116 [JavaFX Application Thread] DEBUG Input                - Registered new binding: System info dump - CTRL+9
17:38:26.117 [JavaFX Application Thread] DEBUG Input                - Registered new binding: Restart - CTRL+R
17:38:26.118 [JavaFX Application Thread] DEBUG Input                - Registered new binding: Open/Close Panel - Tab
17:38:26.118 [JavaFX Application Thread] DEBUG Input                - Registered new binding: Move Right - D
17:38:26.118 [JavaFX Application Thread] DEBUG Input                - Registered new binding: Testing - T
17:38:26.118 [JavaFX Application Thread] DEBUG Input                - Registered new binding: NewLevel - N
17:38:26.119 [JavaFX Application Thread] DEBUG Input                - Registered new binding: Retry - R
17:38:26.119 [JavaFX Application Thread] DEBUG Input                - Registered new binding: Move Left - A
17:38:26.119 [JavaFX Application Thread] DEBUG Input                - Registered new binding: Launch - Space
17:38:26.121 [JavaFX Application Thread] INFO  FXGL                 - FXGL initialization took: 2,377 sec
17:38:26.122 [JavaFX Application Thread] DEBUG LoopRunner           - Starting loop
17:38:26.130 [JavaFX Application Thread] DEBUG StartupState         - STARTUP
17:38:26.131 [JavaFX Application Thread] DEBUG GameApplication      - Starting new game
17:38:26.131 [JavaFX Application Thread] DEBUG Input                - Clearing active input actions
17:38:26.133 [JavaFX Application Thread] DEBUG AssetLoader          - Loading from disk: /assets/ui/css/fxgl_dark.css
17:38:26.147 [JavaFX Application Thread] DEBUG AppStateMachine      - StartupState -> LoadingState
17:38:26.193 [FXGL Background Thread 1 ] DEBUG InitAppTask          - Clearing previous game
17:38:26.209 [FXGL Background Thread 1 ] DEBUG GameWorld            - Clearing game world
17:38:26.216 [FXGL Background Thread 1 ] DEBUG PhysicsWorld         - Clearing physics world
17:38:26.217 [FXGL Background Thread 1 ] DEBUG GameScene            - Clearing game scene
17:38:26.231 [FXGL Background Thread 1 ] DEBUG InitAppTask          - Initializing Game
17:38:26.369 [FXGL Background Thread 1 ] DEBUG AssetLoader          - Loading from disk: /assets/textures/bat.png
17:38:26.444 [FXGL Background Thread 1 ] DEBUG AssetLoader          - Loading from disk: /assets/textures/bg.png
17:38:26.479 [FXGL Background Thread 1 ] DEBUG AssetLoader          - Loading from disk: /assets/textures/ball.png
17:38:26.559 [FXGL Background Thread 1 ] DEBUG GameScene            - Creating render group for layer: DEFAULT(100000)
17:38:26.563 [FXGL Background Thread 1 ] DEBUG GameScene            - Creating render group for layer: BACKGROUND(1000)
17:38:26.564 [FXGL Background Thread 1 ] DEBUG InitAppTask          - Initializing Physics
17:38:26.566 [FXGL Background Thread 1 ] DEBUG InitAppTask          - Initializing UI
17:38:26.566 [FXGL Background Thread 1 ] DEBUG InitAppTask          - Initialization Complete
17:38:26.567 [FXGL Background Thread 1 ] INFO  InitAppTask          - Game initialization took: 0,374 sec
17:38:26.580 [JavaFX Application Thread] DEBUG Input                - Clearing active input actions
17:38:26.581 [JavaFX Application Thread] DEBUG AssetLoader          - Loading from disk: /assets/ui/css/fxgl_dark.css
17:38:26.592 [JavaFX Application Thread] DEBUG AppStateMachine      - LoadingState -> PlayState
17:38:31.525 [JavaFX Application Thread] DEBUG AssetLoader          - Loading from disk: /assets/textures/glass.png
17:38:35.510 [JavaFX Application Thread] DEBUG AssetLoader          - Loading from cache: /assets/textures/ball.png@15.0x15.0
17:38:39.431 [JavaFX Application Thread] DEBUG AssetLoader          - Loading from cache: /assets/textures/ball.png@15.0x15.0
17:38:43.464 [JavaFX Application Thread] DEBUG AssetLoader          - Loading from disk: /assets/textures/GO.png
17:38:43.486 [JavaFX Application Thread] DEBUG AssetLoader          - Loading from disk: /assets/textures/retry.png
17:38:48.162 [JavaFX Application Thread] DEBUG GameApplication      - Starting new game
17:38:48.162 [JavaFX Application Thread] DEBUG Input                - Clearing active input actions
17:38:48.171 [JavaFX Application Thread] DEBUG AppStateMachine      - PlayState -> LoadingState
17:38:48.173 [FXGL Background Thread 1 ] DEBUG InitAppTask          - Clearing previous game
17:38:48.173 [FXGL Background Thread 1 ] DEBUG GameWorld            - Clearing game world
17:38:48.174 [FXGL Background Thread 1 ] DEBUG PhysicsWorld         - Clearing physics world
17:38:48.175 [FXGL Background Thread 1 ] DEBUG GameScene            - Clearing game scene
17:38:48.175 [FXGL Background Thread 1 ] DEBUG InitAppTask          - Initializing Game
17:38:48.176 [FXGL Background Thread 1 ] DEBUG AssetLoader          - Loading from cache: /assets/textures/bat.png@100.0x30.0
17:38:48.177 [FXGL Background Thread 1 ] DEBUG AssetLoader          - Loading from cache: /assets/textures/bg.png
17:38:48.177 [FXGL Background Thread 1 ] DEBUG AssetLoader          - Loading from cache: /assets/textures/ball.png@15.0x15.0
17:38:48.179 [FXGL Background Thread 1 ] DEBUG GameScene            - Creating render group for layer: DEFAULT(100000)
17:38:48.180 [FXGL Background Thread 1 ] DEBUG GameScene            - Creating render group for layer: BACKGROUND(1000)
17:38:48.181 [FXGL Background Thread 1 ] DEBUG InitAppTask          - Initializing Physics
17:38:48.181 [FXGL Background Thread 1 ] DEBUG InitAppTask          - Initializing UI
17:38:48.181 [FXGL Background Thread 1 ] DEBUG InitAppTask          - Initialization Complete
17:38:48.183 [FXGL Background Thread 1 ] INFO  InitAppTask          - Game initialization took: 0,010 sec
17:38:48.196 [JavaFX Application Thread] DEBUG Input                - Clearing active input actions
17:38:48.209 [JavaFX Application Thread] DEBUG AppStateMachine      - LoadingState -> PlayState
17:38:55.204 [JavaFX Application Thread] DEBUG AssetLoader          - Loading from disk: /assets/textures/wooden3.png
17:38:59.590 [JavaFX Application Thread] DEBUG AssetLoader          - Loading from cache: /assets/textures/ball.png@15.0x15.0
17:39:03.687 [JavaFX Application Thread] DEBUG AssetLoader          - Loading from cache: /assets/textures/ball.png@15.0x15.0
17:39:07.928 [JavaFX Application Thread] DEBUG AssetLoader          - Loading from cache: /assets/textures/GO.png@304.0x200.0
17:39:07.933 [JavaFX Application Thread] DEBUG AssetLoader          - Loading from cache: /assets/textures/retry.png@332.0x113.0
17:39:10.600 [JavaFX Application Thread] DEBUG GameApplication      - Starting new game
17:39:10.600 [JavaFX Application Thread] DEBUG Input                - Clearing active input actions
17:39:10.608 [JavaFX Application Thread] DEBUG AppStateMachine      - PlayState -> LoadingState
17:39:10.609 [FXGL Background Thread 1 ] DEBUG InitAppTask          - Clearing previous game
17:39:10.609 [FXGL Background Thread 1 ] DEBUG GameWorld            - Clearing game world
17:39:10.611 [FXGL Background Thread 1 ] DEBUG PhysicsWorld         - Clearing physics world
17:39:10.612 [FXGL Background Thread 1 ] DEBUG GameScene            - Clearing game scene
17:39:10.613 [FXGL Background Thread 1 ] DEBUG InitAppTask          - Initializing Game
17:39:10.613 [FXGL Background Thread 1 ] DEBUG AssetLoader          - Loading from cache: /assets/textures/bat.png@100.0x30.0
17:39:10.614 [FXGL Background Thread 1 ] DEBUG AssetLoader          - Loading from cache: /assets/textures/bg.png
17:39:10.615 [FXGL Background Thread 1 ] DEBUG AssetLoader          - Loading from cache: /assets/textures/ball.png@15.0x15.0
17:39:10.616 [FXGL Background Thread 1 ] DEBUG GameScene            - Creating render group for layer: DEFAULT(100000)
17:39:10.616 [FXGL Background Thread 1 ] DEBUG GameScene            - Creating render group for layer: BACKGROUND(1000)
17:39:10.617 [FXGL Background Thread 1 ] DEBUG InitAppTask          - Initializing Physics
17:39:10.617 [FXGL Background Thread 1 ] DEBUG InitAppTask          - Initializing UI
17:39:10.617 [FXGL Background Thread 1 ] DEBUG InitAppTask          - Initialization Complete
17:39:10.617 [FXGL Background Thread 1 ] INFO  InitAppTask          - Game initialization took: 0,008 sec
17:39:10.619 [JavaFX Application Thread] DEBUG Input                - Clearing active input actions
17:39:10.629 [JavaFX Application Thread] DEBUG AppStateMachine      - LoadingState -> PlayState
17:39:12.787 [JavaFX Application Thread] DEBUG AssetLoader          - Loading from cache: /assets/textures/glass.png@50.0x15.0
17:39:14.153 [JavaFX Application Thread] DEBUG AssetLoader          - Loading from disk: /assets/textures/won.png
17:39:14.163 [JavaFX Application Thread] DEBUG AssetLoader          - Loading from cache: /assets/textures/retry.png@332.0x113.0
17:39:14.163 [JavaFX Application Thread] WARN  GameWorld            - Attempted to remove entity which is not active
17:39:19.830 [JavaFX Application Thread] DEBUG GameApplication      - Starting new game
17:39:19.830 [JavaFX Application Thread] DEBUG Input                - Clearing active input actions
17:39:19.850 [JavaFX Application Thread] DEBUG AppStateMachine      - PlayState -> LoadingState
17:39:19.858 [FXGL Background Thread 1 ] DEBUG InitAppTask          - Clearing previous game
17:39:19.858 [FXGL Background Thread 1 ] DEBUG GameWorld            - Clearing game world
17:39:19.860 [FXGL Background Thread 1 ] DEBUG PhysicsWorld         - Clearing physics world
17:39:19.860 [FXGL Background Thread 1 ] DEBUG GameScene            - Clearing game scene
17:39:19.860 [FXGL Background Thread 1 ] DEBUG InitAppTask          - Initializing Game
17:39:19.862 [FXGL Background Thread 1 ] DEBUG AssetLoader          - Loading from cache: /assets/textures/bat.png@100.0x30.0
17:39:19.863 [FXGL Background Thread 1 ] DEBUG AssetLoader          - Loading from cache: /assets/textures/bg.png
17:39:19.864 [FXGL Background Thread 1 ] DEBUG AssetLoader          - Loading from cache: /assets/textures/ball.png@15.0x15.0
17:39:19.866 [FXGL Background Thread 1 ] DEBUG GameScene            - Creating render group for layer: DEFAULT(100000)
17:39:19.867 [FXGL Background Thread 1 ] DEBUG GameScene            - Creating render group for layer: BACKGROUND(1000)
17:39:19.868 [FXGL Background Thread 1 ] DEBUG InitAppTask          - Initializing Physics
17:39:19.868 [FXGL Background Thread 1 ] DEBUG InitAppTask          - Initializing UI
17:39:19.868 [FXGL Background Thread 1 ] DEBUG InitAppTask          - Initialization Complete
17:39:19.869 [FXGL Background Thread 1 ] INFO  InitAppTask          - Game initialization took: 0,012 sec
17:39:19.886 [JavaFX Application Thread] DEBUG Input                - Clearing active input actions
17:39:19.893 [JavaFX Application Thread] DEBUG AppStateMachine      - LoadingState -> PlayState
17:39:21.613 [JavaFX Application Thread] DEBUG FXGL                 - Exiting FXGL
17:39:21.613 [JavaFX Application Thread] DEBUG FXGL                 - Shutting down background threads
17:39:21.613 [JavaFX Application Thread] DEBUG FXGL                 - Saving FXGL system data
17:39:21.617 [JavaFX Application Thread] DEBUG DesktopFSService     - Writing to: system\fxgl.bundle
17:39:21.620 [JavaFX Application Thread] DEBUG FXGL                 - Closing logger and exiting JavaFX
