20:48:17.324 [JavaFX Application Thread] DEBUG GameApplication      - Logger initialized
20:48:17.369 [JavaFX Application Thread] DEBUG GameApplication      - Logging settings
Title: CC302-Breakout
Version: 1.0
Width: 600
Height: 600
Fullscreen: false
Intro: false
Menus: false
Profiling: false
Single step:false
App Mode: DEVELOPER
Menu Key: ESCAPE
Stage Style: DECORATED
Scene Factory: class com.almasb.fxgl.scene.SceneFactory
Dialog Factory: class com.almasb.fxgl.ui.FXGLDialogFactory
UI Factory: class com.almasb.fxgl.ui.FXGLUIFactory
Notification Service: class com.almasb.fxgl.gameplay.notification.XboxNotificationView
Exception Handler: class com.almasb.fxgl.app.FXGLExceptionHandler
20:48:17.369 [JavaFX Application Thread] DEBUG GameApplication      - Starting FXGL
20:48:17.383 [JavaFX Application Thread] INFO  FXGL                 - FXGL-0.5.4 on DESKTOP
20:48:17.383 [JavaFX Application Thread] INFO  FXGL                 - Source code and latest versions at: https://github.com/AlmasB/FXGL
20:48:17.384 [JavaFX Application Thread] INFO  FXGL                 -              Join the FXGL chat at: https://gitter.im/AlmasB/FXGL
20:48:17.385 [JavaFX Application Thread] DEBUG FXGL                 - FXGL started
20:48:17.386 [JavaFX Application Thread] DEBUG FXGL                 - Initializing FXGL
20:48:17.472 [JavaFX Application Thread] DEBUG AssetLoader          - Loading from disk: /assets/ui/cursors/fxgl_default.png
20:48:17.550 [JavaFX Application Thread] DEBUG AssetLoader          - Loading from disk: /assets/ui/fonts/VarelaRound-Regular.ttf
20:48:17.748 [JavaFX Application Thread] DEBUG MainWindow           - Creating a JavaFX scene
20:48:17.878 [JavaFX Application Thread] DEBUG MainWindow           - Target settings size: 600.0 x 600.0
20:48:17.878 [JavaFX Application Thread] DEBUG MainWindow           - Scaled scene size:    600.0 x 600.0
20:48:17.879 [JavaFX Application Thread] DEBUG MainWindow           - Scaled ratio: (1.0, 1.0)
20:48:17.884 [JavaFX Application Thread] DEBUG AssetLoader          - Loading from disk: /assets/ui/css/fxgl_dark.css
20:48:17.920 [JavaFX Application Thread] DEBUG AssetLoader          - Loading from disk: /assets/textures/icon.png
20:48:17.957 [JavaFX Application Thread] DEBUG MainWindow           - Opening main window
20:48:18.357 [JavaFX Application Thread] DEBUG MainWindow           - Window border size: (4.0, 26.66668701171875)
20:48:18.357 [JavaFX Application Thread] DEBUG MainWindow           - Scaled size: 600.0 x 600.0
20:48:18.357 [JavaFX Application Thread] DEBUG MainWindow           - Scaled ratio: (1.0, 1.0)
20:48:18.357 [JavaFX Application Thread] DEBUG MainWindow           - Scene size: 600.0 x 600.0
20:48:18.358 [JavaFX Application Thread] DEBUG MainWindow           - Stage size: 604.0 x 626.6666870117188
20:48:18.696 [ForkJoinPool.commonPool-worker-1] DEBUG FS                   - Loaded DesktopFSService
20:48:18.696 [ForkJoinPool.commonPool-worker-1] DEBUG FXGL                 - Loading FXGL system data
20:48:18.708 [ForkJoinPool.commonPool-worker-1] DEBUG DesktopFSService     - Reading from: system\fxgl.bundle
20:48:18.726 [ForkJoinPool.commonPool-worker-1] DEBUG Bundle               - Logging bundle: FXGL
20:48:18.727 [ForkJoinPool.commonPool-worker-1] DEBUG Bundle               - FXGL.offline.timer.version.check=2018-12-21T15:32:12.413
20:48:18.729 [ForkJoinPool.commonPool-worker-1] DEBUG FXGL                 - Initializing state machine and application states
20:48:18.731 [ForkJoinPool.commonPool-worker-1] DEBUG AssetLoader          - Loading from disk: /assets/ui/cursors/fxgl_default.png
20:48:18.742 [ForkJoinPool.commonPool-worker-1] DEBUG AssetLoader          - Loading from disk: /assets/ui/cursors/fxgl_default.png
20:48:18.752 [ForkJoinPool.commonPool-worker-1] DEBUG AssetLoader          - Loading from cache: /assets/ui/fonts/VarelaRound-Regular.ttf
20:48:18.761 [ForkJoinPool.commonPool-worker-1] DEBUG AssetLoader          - Loading from disk: /assets/ui/cursors/fxgl_default.png
20:48:18.779 [ForkJoinPool.commonPool-worker-1] DEBUG GameScene            - Game scene initialized: 600x600
20:48:18.791 [ForkJoinPool.commonPool-worker-1] DEBUG GameWorld            - Game world initialized
20:48:18.929 [ForkJoinPool.commonPool-worker-1] DEBUG PhysicsWorld         - Physics world initialized: appHeight=600, physics.ppm=50,0
20:48:18.967 [ForkJoinPool.commonPool-worker-1] DEBUG Input                - Registered new binding: Pause - Esc
20:48:19.094 [JavaFX Application Thread] DEBUG FXGL                 - Running preInit()
20:48:19.097 [JavaFX Application Thread] DEBUG Input                - Registered new binding: Screenshot - P
20:48:19.098 [JavaFX Application Thread] DEBUG Input                - Registered new binding: Dev Options - CTRL+0
20:48:19.099 [JavaFX Application Thread] DEBUG Input                - Registered new binding: System info dump - CTRL+9
20:48:19.100 [JavaFX Application Thread] DEBUG Input                - Registered new binding: Restart - CTRL+R
20:48:19.100 [JavaFX Application Thread] DEBUG Input                - Registered new binding: Open/Close Panel - Tab
20:48:19.100 [JavaFX Application Thread] DEBUG Input                - Registered new binding: Move Right - D
20:48:19.101 [JavaFX Application Thread] DEBUG Input                - Registered new binding: Testing - T
20:48:19.101 [JavaFX Application Thread] DEBUG Input                - Registered new binding: NewLevel - N
20:48:19.101 [JavaFX Application Thread] DEBUG Input                - Registered new binding: Retry - R
20:48:19.102 [JavaFX Application Thread] DEBUG Input                - Registered new binding: Move Left - A
20:48:19.102 [JavaFX Application Thread] DEBUG Input                - Registered new binding: Launch - Space
20:48:19.105 [JavaFX Application Thread] INFO  FXGL                 - FXGL initialization took: 1,717 sec
20:48:19.106 [JavaFX Application Thread] DEBUG LoopRunner           - Starting loop
20:48:19.108 [JavaFX Application Thread] DEBUG StartupState         - STARTUP
20:48:19.108 [JavaFX Application Thread] DEBUG GameApplication      - Starting new game
20:48:19.109 [JavaFX Application Thread] DEBUG Input                - Clearing active input actions
20:48:19.110 [JavaFX Application Thread] DEBUG AssetLoader          - Loading from disk: /assets/ui/css/fxgl_dark.css
20:48:19.122 [JavaFX Application Thread] DEBUG AppStateMachine      - StartupState -> LoadingState
20:48:19.138 [FXGL Background Thread 1 ] DEBUG InitAppTask          - Clearing previous game
20:48:19.138 [FXGL Background Thread 1 ] DEBUG GameWorld            - Clearing game world
20:48:19.138 [FXGL Background Thread 1 ] DEBUG PhysicsWorld         - Clearing physics world
20:48:19.139 [FXGL Background Thread 1 ] DEBUG GameScene            - Clearing game scene
20:48:19.140 [FXGL Background Thread 1 ] DEBUG InitAppTask          - Initializing Game
20:48:19.230 [FXGL Background Thread 1 ] DEBUG AssetLoader          - Loading from disk: /assets/textures/bat.png
20:48:19.242 [FXGL Background Thread 1 ] DEBUG AssetLoader          - Loading from disk: /assets/textures/bg.png
20:48:19.383 [FXGL Background Thread 1 ] DEBUG AssetLoader          - Loading from disk: /assets/textures/ball.png
20:48:19.460 [FXGL Background Thread 1 ] DEBUG GameScene            - Creating render group for layer: DEFAULT(100000)
20:48:19.465 [FXGL Background Thread 1 ] DEBUG GameScene            - Creating render group for layer: BACKGROUND(1000)
20:48:19.467 [FXGL Background Thread 1 ] DEBUG InitAppTask          - Initializing Physics
20:48:19.468 [FXGL Background Thread 1 ] DEBUG InitAppTask          - Initializing UI
20:48:19.469 [FXGL Background Thread 1 ] DEBUG InitAppTask          - Initialization Complete
20:48:19.469 [FXGL Background Thread 1 ] INFO  InitAppTask          - Game initialization took: 0,331 sec
20:48:19.479 [JavaFX Application Thread] DEBUG Input                - Clearing active input actions
20:48:19.480 [JavaFX Application Thread] DEBUG AssetLoader          - Loading from disk: /assets/ui/css/fxgl_dark.css
20:48:19.491 [JavaFX Application Thread] DEBUG AppStateMachine      - LoadingState -> PlayState
20:48:20.588 [JavaFX Application Thread] DEBUG AssetLoader          - Loading from disk: /assets/textures/wooden3.png
20:48:21.675 [JavaFX Application Thread] DEBUG AssetLoader          - Loading from disk: /assets/textures/wooden2.png
20:48:21.835 [JavaFX Application Thread] DEBUG AssetLoader          - Loading from disk: /assets/textures/wooden1.png
20:48:21.999 [JavaFX Application Thread] DEBUG AssetLoader          - Loading from disk: /assets/textures/won.png
20:48:22.011 [JavaFX Application Thread] DEBUG AssetLoader          - Loading from disk: /assets/textures/retry.png
20:48:22.015 [JavaFX Application Thread] WARN  GameWorld            - Attempted to remove entity which is not active
20:48:42.283 [JavaFX Application Thread] DEBUG FXGL                 - Exiting FXGL
20:48:42.283 [JavaFX Application Thread] DEBUG FXGL                 - Shutting down background threads
20:48:42.284 [JavaFX Application Thread] DEBUG FXGL                 - Saving FXGL system data
20:48:42.287 [JavaFX Application Thread] DEBUG DesktopFSService     - Writing to: system\fxgl.bundle
20:48:42.291 [JavaFX Application Thread] DEBUG FXGL                 - Closing logger and exiting JavaFX
