17:29:57.155 [JavaFX Application Thread] DEBUG GameApplication      - Logger initialized
17:29:57.175 [JavaFX Application Thread] DEBUG GameApplication      - Logging settings
Title: CC302-Breakout
Version: 0.1
Width: 600
Height: 600
Fullscreen: false
Intro: false
Menus: false
Profiling: false
Single step:false
App Mode: DEVELOPER
Menu Key: ESCAPE
Stage Style: DECORATED
Scene Factory: class com.almasb.fxgl.scene.SceneFactory
Dialog Factory: class com.almasb.fxgl.ui.FXGLDialogFactory
UI Factory: class com.almasb.fxgl.ui.FXGLUIFactory
Notification Service: class com.almasb.fxgl.gameplay.notification.XboxNotificationView
Exception Handler: class com.almasb.fxgl.app.FXGLExceptionHandler
17:29:57.175 [JavaFX Application Thread] DEBUG GameApplication      - Starting FXGL
17:29:57.189 [JavaFX Application Thread] INFO  FXGL                 - FXGL-0.5.4 on DESKTOP
17:29:57.190 [JavaFX Application Thread] INFO  FXGL                 - Source code and latest versions at: https://github.com/AlmasB/FXGL
17:29:57.190 [JavaFX Application Thread] INFO  FXGL                 -              Join the FXGL chat at: https://gitter.im/AlmasB/FXGL
17:29:57.190 [JavaFX Application Thread] DEBUG FXGL                 - FXGL started
17:29:57.191 [JavaFX Application Thread] DEBUG FXGL                 - Initializing FXGL
17:29:57.268 [JavaFX Application Thread] DEBUG AssetLoader          - Loading from disk: /assets/ui/cursors/fxgl_default.png
17:29:57.342 [JavaFX Application Thread] DEBUG AssetLoader          - Loading from disk: /assets/ui/fonts/VarelaRound-Regular.ttf
17:29:57.556 [JavaFX Application Thread] DEBUG MainWindow           - Creating a JavaFX scene
17:29:57.648 [JavaFX Application Thread] DEBUG MainWindow           - Target settings size: 600.0 x 600.0
17:29:57.649 [JavaFX Application Thread] DEBUG MainWindow           - Scaled scene size:    600.0 x 600.0
17:29:57.649 [JavaFX Application Thread] DEBUG MainWindow           - Scaled ratio: (1.0, 1.0)
17:29:57.660 [JavaFX Application Thread] DEBUG AssetLoader          - Loading from disk: /assets/ui/css/fxgl_dark.css
17:29:57.675 [JavaFX Application Thread] DEBUG AssetLoader          - Loading from disk: /assets/textures/fxgl_icon.png
17:29:57.766 [JavaFX Application Thread] DEBUG MainWindow           - Opening main window
17:29:58.201 [JavaFX Application Thread] DEBUG MainWindow           - Window border size: (4.0, 26.66668701171875)
17:29:58.201 [JavaFX Application Thread] DEBUG MainWindow           - Scaled size: 600.0 x 600.0
17:29:58.202 [JavaFX Application Thread] DEBUG MainWindow           - Scaled ratio: (1.0, 1.0)
17:29:58.202 [JavaFX Application Thread] DEBUG MainWindow           - Scene size: 600.0 x 600.0
17:29:58.202 [JavaFX Application Thread] DEBUG MainWindow           - Stage size: 604.0 x 626.6666870117188
17:29:58.492 [ForkJoinPool.commonPool-worker-1] DEBUG FS                   - Loaded DesktopFSService
17:29:58.493 [ForkJoinPool.commonPool-worker-1] DEBUG FXGL                 - Loading FXGL system data
17:29:58.505 [ForkJoinPool.commonPool-worker-1] DEBUG DesktopFSService     - Reading from: system\fxgl.bundle
17:29:58.525 [ForkJoinPool.commonPool-worker-1] DEBUG Bundle               - Logging bundle: FXGL
17:29:58.526 [ForkJoinPool.commonPool-worker-1] DEBUG Bundle               - FXGL.offline.timer.version.check=2018-12-21T15:32:12.413
17:29:58.527 [ForkJoinPool.commonPool-worker-1] DEBUG FXGL                 - Initializing state machine and application states
17:29:58.532 [ForkJoinPool.commonPool-worker-1] DEBUG AssetLoader          - Loading from disk: /assets/ui/cursors/fxgl_default.png
17:29:58.541 [ForkJoinPool.commonPool-worker-1] DEBUG AssetLoader          - Loading from disk: /assets/ui/cursors/fxgl_default.png
17:29:58.554 [ForkJoinPool.commonPool-worker-1] DEBUG AssetLoader          - Loading from cache: /assets/ui/fonts/VarelaRound-Regular.ttf
17:29:58.558 [ForkJoinPool.commonPool-worker-1] DEBUG AssetLoader          - Loading from disk: /assets/ui/cursors/fxgl_default.png
17:29:58.564 [ForkJoinPool.commonPool-worker-1] DEBUG GameScene            - Game scene initialized: 600x600
17:29:58.591 [ForkJoinPool.commonPool-worker-1] DEBUG GameWorld            - Game world initialized
17:29:58.704 [ForkJoinPool.commonPool-worker-1] DEBUG PhysicsWorld         - Physics world initialized: appHeight=600, physics.ppm=50,0
17:29:58.751 [ForkJoinPool.commonPool-worker-1] DEBUG Input                - Registered new binding: Pause - Esc
17:29:58.902 [JavaFX Application Thread] DEBUG FXGL                 - Running preInit()
17:29:58.904 [JavaFX Application Thread] DEBUG Input                - Registered new binding: Screenshot - P
17:29:58.905 [JavaFX Application Thread] DEBUG Input                - Registered new binding: Dev Options - CTRL+0
17:29:58.906 [JavaFX Application Thread] DEBUG Input                - Registered new binding: System info dump - CTRL+9
17:29:58.906 [JavaFX Application Thread] DEBUG Input                - Registered new binding: Restart - CTRL+R
17:29:58.907 [JavaFX Application Thread] DEBUG Input                - Registered new binding: Open/Close Panel - Tab
17:29:58.907 [JavaFX Application Thread] DEBUG Input                - Registered new binding: Move Right - D
17:29:58.907 [JavaFX Application Thread] DEBUG Input                - Registered new binding: Testing - T
17:29:58.908 [JavaFX Application Thread] DEBUG Input                - Registered new binding: NewLevel - N
17:29:58.908 [JavaFX Application Thread] DEBUG Input                - Registered new binding: Retry - R
17:29:58.908 [JavaFX Application Thread] DEBUG Input                - Registered new binding: Move Left - A
17:29:58.908 [JavaFX Application Thread] DEBUG Input                - Registered new binding: Launch - Space
17:29:58.910 [JavaFX Application Thread] INFO  FXGL                 - FXGL initialization took: 1,719 sec
17:29:58.910 [JavaFX Application Thread] DEBUG LoopRunner           - Starting loop
17:29:58.913 [JavaFX Application Thread] DEBUG StartupState         - STARTUP
17:29:58.915 [JavaFX Application Thread] DEBUG GameApplication      - Starting new game
17:29:58.915 [JavaFX Application Thread] DEBUG Input                - Clearing active input actions
17:29:58.917 [JavaFX Application Thread] DEBUG AssetLoader          - Loading from disk: /assets/ui/css/fxgl_dark.css
17:29:58.927 [JavaFX Application Thread] DEBUG AppStateMachine      - StartupState -> LoadingState
17:29:58.993 [FXGL Background Thread 1 ] DEBUG InitAppTask          - Clearing previous game
17:29:58.994 [FXGL Background Thread 1 ] DEBUG GameWorld            - Clearing game world
17:29:58.994 [FXGL Background Thread 1 ] DEBUG PhysicsWorld         - Clearing physics world
17:29:58.994 [FXGL Background Thread 1 ] DEBUG GameScene            - Clearing game scene
17:29:58.996 [FXGL Background Thread 1 ] DEBUG InitAppTask          - Initializing Game
17:29:59.083 [FXGL Background Thread 1 ] DEBUG AssetLoader          - Loading from disk: /assets/textures/bat.png
17:29:59.135 [FXGL Background Thread 1 ] DEBUG AssetLoader          - Loading from disk: /assets/textures/bg.png
17:29:59.179 [FXGL Background Thread 1 ] DEBUG AssetLoader          - Loading from disk: /assets/textures/ball.png
17:29:59.254 [FXGL Background Thread 1 ] DEBUG GameScene            - Creating render group for layer: DEFAULT(100000)
17:29:59.259 [FXGL Background Thread 1 ] DEBUG GameScene            - Creating render group for layer: BACKGROUND(1000)
17:29:59.260 [FXGL Background Thread 1 ] DEBUG InitAppTask          - Initializing Physics
17:29:59.264 [FXGL Background Thread 1 ] DEBUG InitAppTask          - Initializing UI
17:29:59.266 [FXGL Background Thread 1 ] DEBUG InitAppTask          - Initialization Complete
17:29:59.267 [FXGL Background Thread 1 ] INFO  InitAppTask          - Game initialization took: 0,274 sec
17:29:59.281 [JavaFX Application Thread] DEBUG Input                - Clearing active input actions
17:29:59.281 [JavaFX Application Thread] DEBUG AssetLoader          - Loading from disk: /assets/ui/css/fxgl_dark.css
17:29:59.295 [JavaFX Application Thread] DEBUG AppStateMachine      - LoadingState -> PlayState
17:30:00.245 [JavaFX Application Thread] DEBUG AssetLoader          - Loading from disk: /assets/textures/glass.png
17:30:01.915 [JavaFX Application Thread] DEBUG AssetLoader          - Loading from disk: /assets/textures/won.png
17:30:01.937 [JavaFX Application Thread] DEBUG AssetLoader          - Loading from disk: /assets/textures/retry.png
17:30:01.952 [JavaFX Application Thread] WARN  GameWorld            - Attempted to remove entity which is not active
17:30:26.933 [JavaFX Application Thread] DEBUG FXGL                 - Exiting FXGL
17:30:26.933 [JavaFX Application Thread] DEBUG FXGL                 - Shutting down background threads
17:30:26.934 [JavaFX Application Thread] DEBUG FXGL                 - Saving FXGL system data
17:30:26.938 [JavaFX Application Thread] DEBUG DesktopFSService     - Writing to: system\fxgl.bundle
17:30:26.941 [JavaFX Application Thread] DEBUG FXGL                 - Closing logger and exiting JavaFX
